[INFO] [2017-11-18 08:57:35][org.springframework.context.annotation.AnnotationConfigApplicationContext]Refreshing org.springframework.context.annotation.AnnotationConfigApplicationContext@6a01e23: startup date [Sat Nov 18 08:57:35 CST 2017]; root of context hierarchy
[INFO] [2017-11-18 08:57:36][org.springframework.beans.factory.annotation.AutowiredAnnotationBeanPostProcessor]JSR-330 'javax.inject.Inject' annotation found and supported for autowiring
[INFO] [2017-11-18 08:57:36][org.springframework.context.support.PostProcessorRegistrationDelegate$BeanPostProcessorChecker]Bean 'configurationPropertiesRebinderAutoConfiguration' of type [org.springframework.cloud.autoconfigure.ConfigurationPropertiesRebinderAutoConfiguration$$EnhancerBySpringCGLIB$$75804a9c] is not eligible for getting processed by all BeanPostProcessors (for example: not eligible for auto-proxying)
[INFO] [2017-11-18 08:57:36][org.hibernate.validator.internal.util.Version]HV000001: Hibernate Validator 5.3.5.Final
[INFO] [2017-11-18 08:57:36][com.devchen.discovery.ServiceDiscoveryAppApplication]The following profiles are active: dev
[INFO] [2017-11-18 08:57:36][org.springframework.boot.context.embedded.AnnotationConfigEmbeddedWebApplicationContext]Refreshing org.springframework.boot.context.embedded.AnnotationConfigEmbeddedWebApplicationContext@77102b91: startup date [Sat Nov 18 08:57:36 CST 2017]; parent: org.springframework.context.annotation.AnnotationConfigApplicationContext@6a01e23
[INFO] [2017-11-18 08:57:37][org.springframework.cloud.context.scope.GenericScope]BeanFactory id=58ce6045-80a7-3b82-b850-29012f2aa276
[INFO] [2017-11-18 08:57:37][org.springframework.beans.factory.annotation.AutowiredAnnotationBeanPostProcessor]JSR-330 'javax.inject.Inject' annotation found and supported for autowiring
[INFO] [2017-11-18 08:57:37][org.springframework.context.support.PostProcessorRegistrationDelegate$BeanPostProcessorChecker]Bean 'org.springframework.cloud.autoconfigure.ConfigurationPropertiesRebinderAutoConfiguration' of type [org.springframework.cloud.autoconfigure.ConfigurationPropertiesRebinderAutoConfiguration$$EnhancerBySpringCGLIB$$75804a9c] is not eligible for getting processed by all BeanPostProcessors (for example: not eligible for auto-proxying)
[INFO] [2017-11-18 08:57:37][org.springframework.boot.context.embedded.tomcat.TomcatEmbeddedServletContainer]Tomcat initialized with port(s): 8761 (http)
[INFO] [2017-11-18 08:57:37][org.springframework.web.context.ContextLoader]Root WebApplicationContext: initialization completed in 1256 ms
[INFO] [2017-11-18 08:57:38][org.springframework.boot.web.servlet.FilterRegistrationBean]Mapping filter: 'metricsFilter' to: [/*]
[INFO] [2017-11-18 08:57:38][org.springframework.boot.web.servlet.FilterRegistrationBean]Mapping filter: 'characterEncodingFilter' to: [/*]
[INFO] [2017-11-18 08:57:38][org.springframework.boot.web.servlet.FilterRegistrationBean]Mapping filter: 'hiddenHttpMethodFilter' to: [/*]
[INFO] [2017-11-18 08:57:38][org.springframework.boot.web.servlet.FilterRegistrationBean]Mapping filter: 'httpPutFormContentFilter' to: [/*]
[INFO] [2017-11-18 08:57:38][org.springframework.boot.web.servlet.FilterRegistrationBean]Mapping filter: 'requestContextFilter' to: [/*]
[INFO] [2017-11-18 08:57:38][org.springframework.boot.web.servlet.FilterRegistrationBean]Mapping filter: 'webRequestTraceFilter' to: [/*]
[INFO] [2017-11-18 08:57:38][org.springframework.boot.web.servlet.FilterRegistrationBean]Mapping filter: 'servletContainer' to urls: [/eureka/*]
[INFO] [2017-11-18 08:57:38][org.springframework.boot.web.servlet.FilterRegistrationBean]Mapping filter: 'applicationContextIdFilter' to: [/*]
[INFO] [2017-11-18 08:57:38][org.springframework.boot.web.servlet.ServletRegistrationBean]Mapping servlet: 'dispatcherServlet' to [/]
[INFO] [2017-11-18 08:57:38][com.netflix.discovery.provider.DiscoveryJerseyProvider]Using JSON encoding codec LegacyJacksonJson
[INFO] [2017-11-18 08:57:38][com.netflix.discovery.provider.DiscoveryJerseyProvider]Using JSON decoding codec LegacyJacksonJson
[INFO] [2017-11-18 08:57:38][com.netflix.discovery.provider.DiscoveryJerseyProvider]Using XML encoding codec XStreamXml
[INFO] [2017-11-18 08:57:38][com.netflix.discovery.provider.DiscoveryJerseyProvider]Using XML decoding codec XStreamXml
[INFO] [2017-11-18 08:57:39][org.springframework.cloud.netflix.eureka.InstanceInfoFactory]Setting initial instance status as: STARTING
[INFO] [2017-11-18 08:57:39][com.netflix.discovery.DiscoveryClient]Client configured to neither register nor query for data.
[INFO] [2017-11-18 08:57:39][com.netflix.discovery.DiscoveryClient]Discovery Client initialized at timestamp 1510966659409 with initial instances count: 0
[INFO] [2017-11-18 08:57:39][com.netflix.eureka.DefaultEurekaServerContext]Initializing ...
[WARN] [2017-11-18 08:57:39][com.netflix.eureka.cluster.PeerEurekaNodes]The replica size seems to be empty. Check the route 53 DNS Registry
[INFO] [2017-11-18 08:57:39][com.netflix.eureka.registry.AbstractInstanceRegistry]Finished initializing remote region registries. All known remote regions: []
[INFO] [2017-11-18 08:57:39][com.netflix.eureka.DefaultEurekaServerContext]Initialized
[INFO] [2017-11-18 08:57:39][org.springframework.web.servlet.mvc.method.annotation.RequestMappingHandlerAdapter]Looking for @ControllerAdvice: org.springframework.boot.context.embedded.AnnotationConfigEmbeddedWebApplicationContext@77102b91: startup date [Sat Nov 18 08:57:36 CST 2017]; parent: org.springframework.context.annotation.AnnotationConfigApplicationContext@6a01e23
[INFO] [2017-11-18 08:57:40][org.springframework.web.servlet.mvc.method.annotation.RequestMappingHandlerMapping]Mapped "{[/],methods=[GET]}" onto public java.lang.String org.springframework.cloud.netflix.eureka.server.EurekaController.status(javax.servlet.http.HttpServletRequest,java.util.Map<java.lang.String, java.lang.Object>)
[INFO] [2017-11-18 08:57:40][org.springframework.web.servlet.mvc.method.annotation.RequestMappingHandlerMapping]Mapped "{[/lastn],methods=[GET]}" onto public java.lang.String org.springframework.cloud.netflix.eureka.server.EurekaController.lastn(javax.servlet.http.HttpServletRequest,java.util.Map<java.lang.String, java.lang.Object>)
[INFO] [2017-11-18 08:57:40][org.springframework.web.servlet.mvc.method.annotation.RequestMappingHandlerMapping]Mapped "{[/error]}" onto public org.springframework.http.ResponseEntity<java.util.Map<java.lang.String, java.lang.Object>> org.springframework.boot.autoconfigure.web.BasicErrorController.error(javax.servlet.http.HttpServletRequest)
[INFO] [2017-11-18 08:57:40][org.springframework.web.servlet.mvc.method.annotation.RequestMappingHandlerMapping]Mapped "{[/error],produces=[text/html]}" onto public org.springframework.web.servlet.ModelAndView org.springframework.boot.autoconfigure.web.BasicErrorController.errorHtml(javax.servlet.http.HttpServletRequest,javax.servlet.http.HttpServletResponse)
[INFO] [2017-11-18 08:57:40][org.springframework.web.servlet.handler.SimpleUrlHandlerMapping]Mapped URL path [/webjars/**] onto handler of type [class org.springframework.web.servlet.resource.ResourceHttpRequestHandler]
[INFO] [2017-11-18 08:57:40][org.springframework.web.servlet.handler.SimpleUrlHandlerMapping]Mapped URL path [/**] onto handler of type [class org.springframework.web.servlet.resource.ResourceHttpRequestHandler]
[INFO] [2017-11-18 08:57:40][org.springframework.web.servlet.handler.SimpleUrlHandlerMapping]Mapped URL path [/**/favicon.ico] onto handler of type [class org.springframework.web.servlet.resource.ResourceHttpRequestHandler]
[INFO] [2017-11-18 08:57:40][org.springframework.boot.actuate.endpoint.mvc.EndpointHandlerMapping]Mapped "{[/auditevents || /auditevents.json],methods=[GET],produces=[application/vnd.spring-boot.actuator.v1+json || application/json]}" onto public org.springframework.http.ResponseEntity<?> org.springframework.boot.actuate.endpoint.mvc.AuditEventsMvcEndpoint.findByPrincipalAndAfterAndType(java.lang.String,java.util.Date,java.lang.String)
[INFO] [2017-11-18 08:57:40][org.springframework.boot.actuate.endpoint.mvc.EndpointHandlerMapping]Mapped "{[/metrics/{name:.*}],methods=[GET],produces=[application/vnd.spring-boot.actuator.v1+json || application/json]}" onto public java.lang.Object org.springframework.boot.actuate.endpoint.mvc.MetricsMvcEndpoint.value(java.lang.String)
[INFO] [2017-11-18 08:57:40][org.springframework.boot.actuate.endpoint.mvc.EndpointHandlerMapping]Mapped "{[/metrics || /metrics.json],methods=[GET],produces=[application/vnd.spring-boot.actuator.v1+json || application/json]}" onto public java.lang.Object org.springframework.boot.actuate.endpoint.mvc.EndpointMvcAdapter.invoke()
[INFO] [2017-11-18 08:57:40][org.springframework.boot.actuate.endpoint.mvc.EndpointHandlerMapping]Mapped "{[/resume || /resume.json],methods=[POST]}" onto public java.lang.Object org.springframework.cloud.endpoint.GenericPostableMvcEndpoint.invoke()
[INFO] [2017-11-18 08:57:40][org.springframework.boot.actuate.endpoint.mvc.EndpointHandlerMapping]Mapped "{[/info || /info.json],methods=[GET],produces=[application/vnd.spring-boot.actuator.v1+json || application/json]}" onto public java.lang.Object org.springframework.boot.actuate.endpoint.mvc.EndpointMvcAdapter.invoke()
[INFO] [2017-11-18 08:57:40][org.springframework.boot.actuate.endpoint.mvc.EndpointHandlerMapping]Mapped "{[/health || /health.json],methods=[GET],produces=[application/vnd.spring-boot.actuator.v1+json || application/json]}" onto public java.lang.Object org.springframework.boot.actuate.endpoint.mvc.HealthMvcEndpoint.invoke(javax.servlet.http.HttpServletRequest,java.security.Principal)
[INFO] [2017-11-18 08:57:40][org.springframework.boot.actuate.endpoint.mvc.EndpointHandlerMapping]Mapped "{[/trace || /trace.json],methods=[GET],produces=[application/vnd.spring-boot.actuator.v1+json || application/json]}" onto public java.lang.Object org.springframework.boot.actuate.endpoint.mvc.EndpointMvcAdapter.invoke()
[INFO] [2017-11-18 08:57:40][org.springframework.boot.actuate.endpoint.mvc.EndpointHandlerMapping]Mapped "{[/refresh || /refresh.json],methods=[POST]}" onto public java.lang.Object org.springframework.cloud.endpoint.GenericPostableMvcEndpoint.invoke()
[INFO] [2017-11-18 08:57:40][org.springframework.boot.actuate.endpoint.mvc.EndpointHandlerMapping]Mapped "{[/dump || /dump.json],methods=[GET],produces=[application/vnd.spring-boot.actuator.v1+json || application/json]}" onto public java.lang.Object org.springframework.boot.actuate.endpoint.mvc.EndpointMvcAdapter.invoke()
[INFO] [2017-11-18 08:57:40][org.springframework.boot.actuate.endpoint.mvc.EndpointHandlerMapping]Mapped "{[/heapdump || /heapdump.json],methods=[GET],produces=[application/octet-stream]}" onto public void org.springframework.boot.actuate.endpoint.mvc.HeapdumpMvcEndpoint.invoke(boolean,javax.servlet.http.HttpServletRequest,javax.servlet.http.HttpServletResponse) throws java.io.IOException,javax.servlet.ServletException
[INFO] [2017-11-18 08:57:40][org.springframework.boot.actuate.endpoint.mvc.EndpointHandlerMapping]Mapped "{[/env],methods=[POST]}" onto public java.lang.Object org.springframework.cloud.context.environment.EnvironmentManagerMvcEndpoint.value(java.util.Map<java.lang.String, java.lang.String>)
[INFO] [2017-11-18 08:57:40][org.springframework.boot.actuate.endpoint.mvc.EndpointHandlerMapping]Mapped "{[/env/reset],methods=[POST]}" onto public java.util.Map<java.lang.String, java.lang.Object> org.springframework.cloud.context.environment.EnvironmentManagerMvcEndpoint.reset()
[INFO] [2017-11-18 08:57:40][org.springframework.boot.actuate.endpoint.mvc.EndpointHandlerMapping]Mapped "{[/beans || /beans.json],methods=[GET],produces=[application/vnd.spring-boot.actuator.v1+json || application/json]}" onto public java.lang.Object org.springframework.boot.actuate.endpoint.mvc.EndpointMvcAdapter.invoke()
[INFO] [2017-11-18 08:57:40][org.springframework.boot.actuate.endpoint.mvc.EndpointHandlerMapping]Mapped "{[/autoconfig || /autoconfig.json],methods=[GET],produces=[application/vnd.spring-boot.actuator.v1+json || application/json]}" onto public java.lang.Object org.springframework.boot.actuate.endpoint.mvc.EndpointMvcAdapter.invoke()
[INFO] [2017-11-18 08:57:40][org.springframework.boot.actuate.endpoint.mvc.EndpointHandlerMapping]Mapped "{[/archaius || /archaius.json],methods=[GET],produces=[application/vnd.spring-boot.actuator.v1+json || application/json]}" onto public java.lang.Object org.springframework.boot.actuate.endpoint.mvc.EndpointMvcAdapter.invoke()
[INFO] [2017-11-18 08:57:40][org.springframework.boot.actuate.endpoint.mvc.EndpointHandlerMapping]Mapped "{[/features || /features.json],methods=[GET],produces=[application/vnd.spring-boot.actuator.v1+json || application/json]}" onto public java.lang.Object org.springframework.boot.actuate.endpoint.mvc.EndpointMvcAdapter.invoke()
[INFO] [2017-11-18 08:57:40][org.springframework.boot.actuate.endpoint.mvc.EndpointHandlerMapping]Mapped "{[/env/{name:.*}],methods=[GET],produces=[application/vnd.spring-boot.actuator.v1+json || application/json]}" onto public java.lang.Object org.springframework.boot.actuate.endpoint.mvc.EnvironmentMvcEndpoint.value(java.lang.String)
[INFO] [2017-11-18 08:57:40][org.springframework.boot.actuate.endpoint.mvc.EndpointHandlerMapping]Mapped "{[/env || /env.json],methods=[GET],produces=[application/vnd.spring-boot.actuator.v1+json || application/json]}" onto public java.lang.Object org.springframework.boot.actuate.endpoint.mvc.EndpointMvcAdapter.invoke()
[INFO] [2017-11-18 08:57:40][org.springframework.boot.actuate.endpoint.mvc.EndpointHandlerMapping]Mapped "{[/configprops || /configprops.json],methods=[GET],produces=[application/vnd.spring-boot.actuator.v1+json || application/json]}" onto public java.lang.Object org.springframework.boot.actuate.endpoint.mvc.EndpointMvcAdapter.invoke()
[INFO] [2017-11-18 08:57:40][org.springframework.boot.actuate.endpoint.mvc.EndpointHandlerMapping]Mapped "{[/restart || /restart.json],methods=[POST]}" onto public java.lang.Object org.springframework.cloud.context.restart.RestartMvcEndpoint.invoke()
[INFO] [2017-11-18 08:57:40][org.springframework.boot.actuate.endpoint.mvc.EndpointHandlerMapping]Mapped "{[/pause || /pause.json],methods=[POST]}" onto public java.lang.Object org.springframework.cloud.endpoint.GenericPostableMvcEndpoint.invoke()
[INFO] [2017-11-18 08:57:40][org.springframework.boot.actuate.endpoint.mvc.EndpointHandlerMapping]Mapped "{[/loggers/{name:.*}],methods=[GET],produces=[application/vnd.spring-boot.actuator.v1+json || application/json]}" onto public java.lang.Object org.springframework.boot.actuate.endpoint.mvc.LoggersMvcEndpoint.get(java.lang.String)
[INFO] [2017-11-18 08:57:40][org.springframework.boot.actuate.endpoint.mvc.EndpointHandlerMapping]Mapped "{[/loggers/{name:.*}],methods=[POST],consumes=[application/vnd.spring-boot.actuator.v1+json || application/json],produces=[application/vnd.spring-boot.actuator.v1+json || application/json]}" onto public java.lang.Object org.springframework.boot.actuate.endpoint.mvc.LoggersMvcEndpoint.set(java.lang.String,java.util.Map<java.lang.String, java.lang.String>)
[INFO] [2017-11-18 08:57:40][org.springframework.boot.actuate.endpoint.mvc.EndpointHandlerMapping]Mapped "{[/loggers || /loggers.json],methods=[GET],produces=[application/vnd.spring-boot.actuator.v1+json || application/json]}" onto public java.lang.Object org.springframework.boot.actuate.endpoint.mvc.EndpointMvcAdapter.invoke()
[INFO] [2017-11-18 08:57:40][org.springframework.boot.actuate.endpoint.mvc.EndpointHandlerMapping]Mapped "{[/mappings || /mappings.json],methods=[GET],produces=[application/vnd.spring-boot.actuator.v1+json || application/json]}" onto public java.lang.Object org.springframework.boot.actuate.endpoint.mvc.EndpointMvcAdapter.invoke()
[INFO] [2017-11-18 08:57:40][org.springframework.ui.freemarker.SpringTemplateLoader]SpringTemplateLoader for FreeMarker: using resource loader [org.springframework.boot.context.embedded.AnnotationConfigEmbeddedWebApplicationContext@77102b91: startup date [Sat Nov 18 08:57:36 CST 2017]; parent: org.springframework.context.annotation.AnnotationConfigApplicationContext@6a01e23] and template loader path [classpath:/templates/]
[INFO] [2017-11-18 08:57:40][org.springframework.web.servlet.view.freemarker.FreeMarkerConfigurer]ClassTemplateLoader for Spring macros added to FreeMarker configuration
[WARN] [2017-11-18 08:57:40][org.springframework.cloud.netflix.archaius.ArchaiusAutoConfiguration]No spring.application.name found, defaulting to 'application'
[WARN] [2017-11-18 08:57:40][com.netflix.config.sources.URLConfigurationSource]No URLs will be polled as dynamic configuration sources.
[INFO] [2017-11-18 08:57:40][com.netflix.config.sources.URLConfigurationSource]To enable URLs as dynamic configuration sources, define System property archaius.configurationSource.additionalUrls or make config.properties available on classpath.
[WARN] [2017-11-18 08:57:40][com.netflix.config.sources.URLConfigurationSource]No URLs will be polled as dynamic configuration sources.
[INFO] [2017-11-18 08:57:40][com.netflix.config.sources.URLConfigurationSource]To enable URLs as dynamic configuration sources, define System property archaius.configurationSource.additionalUrls or make config.properties available on classpath.
[INFO] [2017-11-18 08:57:40][org.springframework.jmx.export.annotation.AnnotationMBeanExporter]Registering beans for JMX exposure on startup
[INFO] [2017-11-18 08:57:40][org.springframework.jmx.export.annotation.AnnotationMBeanExporter]Bean with name 'environmentManager' has been autodetected for JMX exposure
[INFO] [2017-11-18 08:57:40][org.springframework.jmx.export.annotation.AnnotationMBeanExporter]Bean with name 'configurationPropertiesRebinder' has been autodetected for JMX exposure
[INFO] [2017-11-18 08:57:40][org.springframework.jmx.export.annotation.AnnotationMBeanExporter]Bean with name 'refreshEndpoint' has been autodetected for JMX exposure
[INFO] [2017-11-18 08:57:40][org.springframework.jmx.export.annotation.AnnotationMBeanExporter]Bean with name 'restartEndpoint' has been autodetected for JMX exposure
[INFO] [2017-11-18 08:57:40][org.springframework.jmx.export.annotation.AnnotationMBeanExporter]Bean with name 'refreshScope' has been autodetected for JMX exposure
[INFO] [2017-11-18 08:57:40][org.springframework.jmx.export.annotation.AnnotationMBeanExporter]Located managed bean 'environmentManager': registering with JMX server as MBean [org.springframework.cloud.context.environment:name=environmentManager,type=EnvironmentManager]
[INFO] [2017-11-18 08:57:40][org.springframework.jmx.export.annotation.AnnotationMBeanExporter]Located managed bean 'restartEndpoint': registering with JMX server as MBean [org.springframework.cloud.context.restart:name=restartEndpoint,type=RestartEndpoint]
[INFO] [2017-11-18 08:57:40][org.springframework.jmx.export.annotation.AnnotationMBeanExporter]Located managed bean 'refreshScope': registering with JMX server as MBean [org.springframework.cloud.context.scope.refresh:name=refreshScope,type=RefreshScope]
[INFO] [2017-11-18 08:57:40][org.springframework.jmx.export.annotation.AnnotationMBeanExporter]Located managed bean 'configurationPropertiesRebinder': registering with JMX server as MBean [org.springframework.cloud.context.properties:name=configurationPropertiesRebinder,context=77102b91,type=ConfigurationPropertiesRebinder]
[INFO] [2017-11-18 08:57:40][org.springframework.jmx.export.annotation.AnnotationMBeanExporter]Located managed bean 'refreshEndpoint': registering with JMX server as MBean [org.springframework.cloud.endpoint:name=refreshEndpoint,type=RefreshEndpoint]
[INFO] [2017-11-18 08:57:40][org.springframework.boot.actuate.endpoint.jmx.EndpointMBeanExporter]Registering beans for JMX exposure on startup
[INFO] [2017-11-18 08:57:41][org.springframework.context.support.DefaultLifecycleProcessor]Starting beans in phase 0
[INFO] [2017-11-18 08:57:41][org.springframework.cloud.netflix.eureka.server.EurekaServerBootstrap]Setting the eureka configuration..
[INFO] [2017-11-18 08:57:41][org.springframework.cloud.netflix.eureka.EurekaDiscoveryClientConfiguration]Registering application unknown with eureka with status UP
[INFO] [2017-11-18 08:57:41][org.springframework.cloud.netflix.eureka.server.EurekaServerBootstrap]Eureka data center value eureka.datacenter is not set, defaulting to default
[INFO] [2017-11-18 08:57:41][org.springframework.cloud.netflix.eureka.server.EurekaServerBootstrap]Eureka environment value eureka.environment is not set, defaulting to test
[INFO] [2017-11-18 08:57:41][org.springframework.boot.actuate.endpoint.jmx.EndpointMBeanExporter]Located managed bean 'auditEventsEndpoint': registering with JMX server as MBean [org.springframework.boot:type=Endpoint,name=auditEventsEndpoint]
[INFO] [2017-11-18 08:57:41][org.springframework.cloud.netflix.eureka.server.EurekaServerBootstrap]isAws returned false
[INFO] [2017-11-18 08:57:41][org.springframework.cloud.netflix.eureka.server.EurekaServerBootstrap]Initialized server context
[INFO] [2017-11-18 08:57:41][com.netflix.eureka.registry.PeerAwareInstanceRegistryImpl]Got 1 instances from neighboring DS node
[INFO] [2017-11-18 08:57:41][com.netflix.eureka.registry.PeerAwareInstanceRegistryImpl]Renew threshold is: 1
[INFO] [2017-11-18 08:57:41][com.netflix.eureka.registry.PeerAwareInstanceRegistryImpl]Changing status to UP
[INFO] [2017-11-18 08:57:41][org.springframework.boot.actuate.endpoint.jmx.EndpointMBeanExporter]Located managed bean 'featuresEndpoint': registering with JMX server as MBean [org.springframework.boot:type=Endpoint,name=featuresEndpoint]
[INFO] [2017-11-18 08:57:41][org.springframework.boot.actuate.endpoint.jmx.EndpointMBeanExporter]Located managed bean 'requestMappingEndpoint': registering with JMX server as MBean [org.springframework.boot:type=Endpoint,name=requestMappingEndpoint]
[INFO] [2017-11-18 08:57:41][org.springframework.boot.actuate.endpoint.jmx.EndpointMBeanExporter]Located managed bean 'environmentEndpoint': registering with JMX server as MBean [org.springframework.boot:type=Endpoint,name=environmentEndpoint]
[INFO] [2017-11-18 08:57:41][org.springframework.boot.actuate.endpoint.jmx.EndpointMBeanExporter]Located managed bean 'healthEndpoint': registering with JMX server as MBean [org.springframework.boot:type=Endpoint,name=healthEndpoint]
[INFO] [2017-11-18 08:57:41][org.springframework.boot.actuate.endpoint.jmx.EndpointMBeanExporter]Located managed bean 'beansEndpoint': registering with JMX server as MBean [org.springframework.boot:type=Endpoint,name=beansEndpoint]
[INFO] [2017-11-18 08:57:41][org.springframework.boot.actuate.endpoint.jmx.EndpointMBeanExporter]Located managed bean 'infoEndpoint': registering with JMX server as MBean [org.springframework.boot:type=Endpoint,name=infoEndpoint]
[INFO] [2017-11-18 08:57:41][org.springframework.boot.actuate.endpoint.jmx.EndpointMBeanExporter]Located managed bean 'loggersEndpoint': registering with JMX server as MBean [org.springframework.boot:type=Endpoint,name=loggersEndpoint]
[INFO] [2017-11-18 08:57:41][org.springframework.boot.actuate.endpoint.jmx.EndpointMBeanExporter]Located managed bean 'metricsEndpoint': registering with JMX server as MBean [org.springframework.boot:type=Endpoint,name=metricsEndpoint]
[INFO] [2017-11-18 08:57:41][org.springframework.boot.actuate.endpoint.jmx.EndpointMBeanExporter]Located managed bean 'traceEndpoint': registering with JMX server as MBean [org.springframework.boot:type=Endpoint,name=traceEndpoint]
[INFO] [2017-11-18 08:57:41][org.springframework.boot.actuate.endpoint.jmx.EndpointMBeanExporter]Located managed bean 'dumpEndpoint': registering with JMX server as MBean [org.springframework.boot:type=Endpoint,name=dumpEndpoint]
[INFO] [2017-11-18 08:57:41][org.springframework.boot.actuate.endpoint.jmx.EndpointMBeanExporter]Located managed bean 'autoConfigurationReportEndpoint': registering with JMX server as MBean [org.springframework.boot:type=Endpoint,name=autoConfigurationReportEndpoint]
[INFO] [2017-11-18 08:57:41][org.springframework.boot.actuate.endpoint.jmx.EndpointMBeanExporter]Located managed bean 'configurationPropertiesReportEndpoint': registering with JMX server as MBean [org.springframework.boot:type=Endpoint,name=configurationPropertiesReportEndpoint]
[INFO] [2017-11-18 08:57:41][org.springframework.boot.actuate.endpoint.jmx.EndpointMBeanExporter]Located managed bean 'archaiusEndpoint': registering with JMX server as MBean [org.springframework.boot:type=Endpoint,name=archaiusEndpoint]
[INFO] [2017-11-18 08:57:41][org.springframework.cloud.netflix.eureka.server.EurekaServerInitializerConfiguration]Started Eureka Server
[INFO] [2017-11-18 08:57:41][org.springframework.boot.context.embedded.tomcat.TomcatEmbeddedServletContainer]Tomcat started on port(s): 8761 (http)
[INFO] [2017-11-18 08:57:41][org.springframework.cloud.netflix.eureka.EurekaDiscoveryClientConfiguration]Updating port to 8761
[INFO] [2017-11-18 08:57:41][com.devchen.discovery.ServiceDiscoveryAppApplication]Started ServiceDiscoveryAppApplication in 6.369 seconds (JVM running for 7.204)
