[INFO] [2019-03-06 21:58:57][org.springframework.context.annotation.AnnotationConfigApplicationContext]Refreshing org.springframework.context.annotation.AnnotationConfigApplicationContext@2a798d51: startup date [Wed Mar 06 21:58:57 CST 2019]; root of context hierarchy
[INFO] [2019-03-06 21:58:57][org.hibernate.validator.internal.util.Version]HV000001: Hibernate Validator 5.3.6.Final
[INFO] [2019-03-06 21:58:58][org.springframework.beans.factory.annotation.AutowiredAnnotationBeanPostProcessor]JSR-330 'javax.inject.Inject' annotation found and supported for autowiring
[INFO] [2019-03-06 21:58:58][org.springframework.context.support.PostProcessorRegistrationDelegate$BeanPostProcessorChecker]Bean 'configurationPropertiesRebinderAutoConfiguration' of type [org.springframework.cloud.autoconfigure.ConfigurationPropertiesRebinderAutoConfiguration$$EnhancerBySpringCGLIB$$e403c324] is not eligible for getting processed by all BeanPostProcessors (for example: not eligible for auto-proxying)
[INFO] [2019-03-06 21:58:58][org.springframework.cloud.config.client.ConfigServicePropertySourceLocator]Fetching config from server at: http://localhost:8888
[WARN] [2019-03-06 21:58:59][org.springframework.cloud.config.client.ConfigServicePropertySourceLocator]Could not locate PropertySource: I/O error on GET request for "http://localhost:8888/spider-app-test/default": 拒绝连接 (Connection refused); nested exception is java.net.ConnectException: 拒绝连接 (Connection refused)
[INFO] [2019-03-06 21:58:59][com.devchen.spider.SpiderAppApplication]No active profile set, falling back to default profiles: default
[INFO] [2019-03-06 21:58:59][org.springframework.boot.context.embedded.AnnotationConfigEmbeddedWebApplicationContext]Refreshing org.springframework.boot.context.embedded.AnnotationConfigEmbeddedWebApplicationContext@26425897: startup date [Wed Mar 06 21:58:59 CST 2019]; parent: org.springframework.context.annotation.AnnotationConfigApplicationContext@2a798d51
[INFO] [2019-03-06 21:59:01][org.springframework.data.repository.config.RepositoryConfigurationDelegate]Multiple Spring Data modules found, entering strict repository configuration mode!
[INFO] [2019-03-06 21:59:01][org.springframework.cloud.context.scope.GenericScope]BeanFactory id=ffd17dd7-be09-3cb9-b80c-6ff435c471ab
[INFO] [2019-03-06 21:59:01][org.springframework.beans.factory.annotation.AutowiredAnnotationBeanPostProcessor]JSR-330 'javax.inject.Inject' annotation found and supported for autowiring
[INFO] [2019-03-06 21:59:02][org.springframework.context.support.PostProcessorRegistrationDelegate$BeanPostProcessorChecker]Bean 'org.springframework.cloud.autoconfigure.ConfigurationPropertiesRebinderAutoConfiguration' of type [org.springframework.cloud.autoconfigure.ConfigurationPropertiesRebinderAutoConfiguration$$EnhancerBySpringCGLIB$$e403c324] is not eligible for getting processed by all BeanPostProcessors (for example: not eligible for auto-proxying)
[INFO] [2019-03-06 21:59:02][org.springframework.context.support.PostProcessorRegistrationDelegate$BeanPostProcessorChecker]Bean 'org.springframework.transaction.annotation.ProxyTransactionManagementConfiguration' of type [org.springframework.transaction.annotation.ProxyTransactionManagementConfiguration$$EnhancerBySpringCGLIB$$c7e9c027] is not eligible for getting processed by all BeanPostProcessors (for example: not eligible for auto-proxying)
[INFO] [2019-03-06 21:59:02][org.springframework.boot.context.embedded.tomcat.TomcatEmbeddedServletContainer]Tomcat initialized with port(s): 10801 (http)
[INFO] [2019-03-06 21:59:02][org.springframework.web.context.ContextLoader]Root WebApplicationContext: initialization completed in 3664 ms
[INFO] [2019-03-06 21:59:03][org.springframework.boot.web.servlet.ServletRegistrationBean]Mapping servlet: 'dispatcherServlet' to [/]
[INFO] [2019-03-06 21:59:03][org.springframework.boot.web.servlet.FilterRegistrationBean]Mapping filter: 'characterEncodingFilter' to: [/*]
[INFO] [2019-03-06 21:59:03][org.springframework.boot.web.servlet.FilterRegistrationBean]Mapping filter: 'hiddenHttpMethodFilter' to: [/*]
[INFO] [2019-03-06 21:59:03][org.springframework.boot.web.servlet.FilterRegistrationBean]Mapping filter: 'httpPutFormContentFilter' to: [/*]
[INFO] [2019-03-06 21:59:03][org.springframework.boot.web.servlet.FilterRegistrationBean]Mapping filter: 'requestContextFilter' to: [/*]
[INFO] [2019-03-06 21:59:05][org.springframework.scheduling.concurrent.ThreadPoolTaskExecutor]Initializing ExecutorService  'spiderExecutorPool'
[INFO] [2019-03-06 21:59:05][org.springframework.scheduling.concurrent.ThreadPoolTaskExecutor]Initializing ExecutorService  'spiderMoniterPool'
[INFO] [2019-03-06 21:59:05][org.springframework.scheduling.concurrent.ThreadPoolTaskScheduler]Initializing ExecutorService  'taskScheduler'
[INFO] [2019-03-06 21:59:06][org.springframework.web.servlet.mvc.method.annotation.RequestMappingHandlerAdapter]Looking for @ControllerAdvice: org.springframework.boot.context.embedded.AnnotationConfigEmbeddedWebApplicationContext@26425897: startup date [Wed Mar 06 21:58:59 CST 2019]; parent: org.springframework.context.annotation.AnnotationConfigApplicationContext@2a798d51
[INFO] [2019-03-06 21:59:06][org.springframework.web.servlet.mvc.method.annotation.RequestMappingHandlerMapping]Mapped "{[/error],produces=[text/html]}" onto public org.springframework.web.servlet.ModelAndView org.springframework.boot.autoconfigure.web.BasicErrorController.errorHtml(javax.servlet.http.HttpServletRequest,javax.servlet.http.HttpServletResponse)
[INFO] [2019-03-06 21:59:06][org.springframework.web.servlet.mvc.method.annotation.RequestMappingHandlerMapping]Mapped "{[/error]}" onto public org.springframework.http.ResponseEntity<java.util.Map<java.lang.String, java.lang.Object>> org.springframework.boot.autoconfigure.web.BasicErrorController.error(javax.servlet.http.HttpServletRequest)
[INFO] [2019-03-06 21:59:06][org.springframework.web.servlet.handler.SimpleUrlHandlerMapping]Mapped URL path [/webjars/**] onto handler of type [class org.springframework.web.servlet.resource.ResourceHttpRequestHandler]
[INFO] [2019-03-06 21:59:06][org.springframework.web.servlet.handler.SimpleUrlHandlerMapping]Mapped URL path [/**] onto handler of type [class org.springframework.web.servlet.resource.ResourceHttpRequestHandler]
[INFO] [2019-03-06 21:59:06][org.springframework.web.servlet.handler.SimpleUrlHandlerMapping]Mapped URL path [/**/favicon.ico] onto handler of type [class org.springframework.web.servlet.resource.ResourceHttpRequestHandler]
[WARN] [2019-03-06 21:59:07][org.springframework.boot.context.embedded.AnnotationConfigEmbeddedWebApplicationContext]Exception encountered during context initialization - cancelling refresh attempt: org.springframework.beans.factory.BeanCreationException: Error creating bean with name 'flyway' defined in class path resource [org/springframework/boot/autoconfigure/flyway/FlywayAutoConfiguration$FlywayConfiguration.class]: Bean instantiation via factory method failed; nested exception is org.springframework.beans.BeanInstantiationException: Failed to instantiate [org.flywaydb.core.Flyway]: Factory method 'flyway' threw exception; nested exception is java.lang.IllegalStateException: org.springframework.jdbc.support.MetaDataAccessException: Could not get Connection for extracting meta data; nested exception is org.springframework.jdbc.CannotGetJdbcConnectionException: Could not get JDBC Connection; nested exception is java.sql.SQLException: The server timezone value 'CST' represents more than one timezone. You must configure either the server or JDBC driver (via the serverTimezone configuration property) to use a more specifc timezone value if you want to utilize timezone support. The timezones that 'CST' maps to are: Asia/Harbin, Asia/Shanghai, Asia/Chungking, Asia/Urumqi, Asia/Kashgar, Asia/Taipei, Asia/Macao, Asia/Jayapura, Australia/Darwin, Australia/Adelaide, Australia/Broken_Hill, America/Chicago, America/Indianapolis, America/Indiana/Marengo, America/Indiana/Knox, America/Indiana/Vevay, America/Louisville, America/Detroit, America/Menominee, America/Rainy_River, America/Winnipeg, America/Regina, America/Swift_Current, America/Pangnirtung, America/Iqaluit, America/Rankin_Inlet, America/Cambridge_Bay, America/Cancun, America/Mexico_City, America/Chihuahua, America/Hermosillo, America/Mazatlan, America/Belize, America/Costa_Rica, America/Havana, America/El_Salvador, America/Guatemala, America/Tegucigalpa, America/Managua.
[INFO] [2019-03-06 21:59:07][org.springframework.jmx.export.annotation.AnnotationMBeanExporter]Unregistering JMX-exposed beans on shutdown
[INFO] [2019-03-06 21:59:07][org.springframework.scheduling.concurrent.ThreadPoolTaskScheduler]Shutting down ExecutorService 'taskScheduler'
[INFO] [2019-03-06 21:59:07][org.springframework.scheduling.concurrent.ThreadPoolTaskScheduler]Shutting down ExecutorService 'taskScheduler'
[INFO] [2019-03-06 21:59:07][org.springframework.scheduling.concurrent.ThreadPoolTaskExecutor]Shutting down ExecutorService 'spiderMoniterPool'
[INFO] [2019-03-06 21:59:07][org.springframework.scheduling.concurrent.ThreadPoolTaskExecutor]Shutting down ExecutorService 'spiderExecutorPool'
[INFO] [2019-03-06 21:59:07][org.springframework.boot.autoconfigure.logging.AutoConfigurationReportLoggingInitializer]

Error starting ApplicationContext. To display the auto-configuration report re-run your application with 'debug' enabled.
[ERROR] [2019-03-06 21:59:07][org.springframework.boot.SpringApplication]Application startup failed
org.springframework.beans.factory.BeanCreationException: Error creating bean with name 'flyway' defined in class path resource [org/springframework/boot/autoconfigure/flyway/FlywayAutoConfiguration$FlywayConfiguration.class]: Bean instantiation via factory method failed; nested exception is org.springframework.beans.BeanInstantiationException: Failed to instantiate [org.flywaydb.core.Flyway]: Factory method 'flyway' threw exception; nested exception is java.lang.IllegalStateException: org.springframework.jdbc.support.MetaDataAccessException: Could not get Connection for extracting meta data; nested exception is org.springframework.jdbc.CannotGetJdbcConnectionException: Could not get JDBC Connection; nested exception is java.sql.SQLException: The server timezone value 'CST' represents more than one timezone. You must configure either the server or JDBC driver (via the serverTimezone configuration property) to use a more specifc timezone value if you want to utilize timezone support. The timezones that 'CST' maps to are: Asia/Harbin, Asia/Shanghai, Asia/Chungking, Asia/Urumqi, Asia/Kashgar, Asia/Taipei, Asia/Macao, Asia/Jayapura, Australia/Darwin, Australia/Adelaide, Australia/Broken_Hill, America/Chicago, America/Indianapolis, America/Indiana/Marengo, America/Indiana/Knox, America/Indiana/Vevay, America/Louisville, America/Detroit, America/Menominee, America/Rainy_River, America/Winnipeg, America/Regina, America/Swift_Current, America/Pangnirtung, America/Iqaluit, America/Rankin_Inlet, America/Cambridge_Bay, America/Cancun, America/Mexico_City, America/Chihuahua, America/Hermosillo, America/Mazatlan, America/Belize, America/Costa_Rica, America/Havana, America/El_Salvador, America/Guatemala, America/Tegucigalpa, America/Managua.
	at org.springframework.beans.factory.support.ConstructorResolver.instantiateUsingFactoryMethod(ConstructorResolver.java:599)
	at org.springframework.beans.factory.support.AbstractAutowireCapableBeanFactory.instantiateUsingFactoryMethod(AbstractAutowireCapableBeanFactory.java:1173)
	at org.springframework.beans.factory.support.AbstractAutowireCapableBeanFactory.createBeanInstance(AbstractAutowireCapableBeanFactory.java:1067)
	at org.springframework.beans.factory.support.AbstractAutowireCapableBeanFactory.doCreateBean(AbstractAutowireCapableBeanFactory.java:513)
	at org.springframework.beans.factory.support.AbstractAutowireCapableBeanFactory.createBean(AbstractAutowireCapableBeanFactory.java:483)
	at org.springframework.beans.factory.support.AbstractBeanFactory$1.getObject(AbstractBeanFactory.java:306)
	at org.springframework.beans.factory.support.DefaultSingletonBeanRegistry.getSingleton(DefaultSingletonBeanRegistry.java:230)
	at org.springframework.beans.factory.support.AbstractBeanFactory.doGetBean(AbstractBeanFactory.java:302)
	at org.springframework.beans.factory.support.AbstractBeanFactory.getBean(AbstractBeanFactory.java:197)
	at org.springframework.beans.factory.support.DefaultListableBeanFactory.preInstantiateSingletons(DefaultListableBeanFactory.java:761)
	at org.springframework.context.support.AbstractApplicationContext.finishBeanFactoryInitialization(AbstractApplicationContext.java:867)
	at org.springframework.context.support.AbstractApplicationContext.refresh(AbstractApplicationContext.java:543)
	at org.springframework.boot.context.embedded.EmbeddedWebApplicationContext.refresh(EmbeddedWebApplicationContext.java:122)
	at org.springframework.boot.SpringApplication.refresh(SpringApplication.java:693)
	at org.springframework.boot.SpringApplication.refreshContext(SpringApplication.java:360)
	at org.springframework.boot.SpringApplication.run(SpringApplication.java:303)
	at org.springframework.boot.SpringApplication.run(SpringApplication.java:1118)
	at org.springframework.boot.SpringApplication.run(SpringApplication.java:1107)
	at com.devchen.spider.SpiderAppApplication.main(SpiderAppApplication.java:18)
Caused by: org.springframework.beans.BeanInstantiationException: Failed to instantiate [org.flywaydb.core.Flyway]: Factory method 'flyway' threw exception; nested exception is java.lang.IllegalStateException: org.springframework.jdbc.support.MetaDataAccessException: Could not get Connection for extracting meta data; nested exception is org.springframework.jdbc.CannotGetJdbcConnectionException: Could not get JDBC Connection; nested exception is java.sql.SQLException: The server timezone value 'CST' represents more than one timezone. You must configure either the server or JDBC driver (via the serverTimezone configuration property) to use a more specifc timezone value if you want to utilize timezone support. The timezones that 'CST' maps to are: Asia/Harbin, Asia/Shanghai, Asia/Chungking, Asia/Urumqi, Asia/Kashgar, Asia/Taipei, Asia/Macao, Asia/Jayapura, Australia/Darwin, Australia/Adelaide, Australia/Broken_Hill, America/Chicago, America/Indianapolis, America/Indiana/Marengo, America/Indiana/Knox, America/Indiana/Vevay, America/Louisville, America/Detroit, America/Menominee, America/Rainy_River, America/Winnipeg, America/Regina, America/Swift_Current, America/Pangnirtung, America/Iqaluit, America/Rankin_Inlet, America/Cambridge_Bay, America/Cancun, America/Mexico_City, America/Chihuahua, America/Hermosillo, America/Mazatlan, America/Belize, America/Costa_Rica, America/Havana, America/El_Salvador, America/Guatemala, America/Tegucigalpa, America/Managua.
	at org.springframework.beans.factory.support.SimpleInstantiationStrategy.instantiate(SimpleInstantiationStrategy.java:189)
	at org.springframework.beans.factory.support.ConstructorResolver.instantiateUsingFactoryMethod(ConstructorResolver.java:588)
	... 18 more
Caused by: java.lang.IllegalStateException: org.springframework.jdbc.support.MetaDataAccessException: Could not get Connection for extracting meta data; nested exception is org.springframework.jdbc.CannotGetJdbcConnectionException: Could not get JDBC Connection; nested exception is java.sql.SQLException: The server timezone value 'CST' represents more than one timezone. You must configure either the server or JDBC driver (via the serverTimezone configuration property) to use a more specifc timezone value if you want to utilize timezone support. The timezones that 'CST' maps to are: Asia/Harbin, Asia/Shanghai, Asia/Chungking, Asia/Urumqi, Asia/Kashgar, Asia/Taipei, Asia/Macao, Asia/Jayapura, Australia/Darwin, Australia/Adelaide, Australia/Broken_Hill, America/Chicago, America/Indianapolis, America/Indiana/Marengo, America/Indiana/Knox, America/Indiana/Vevay, America/Louisville, America/Detroit, America/Menominee, America/Rainy_River, America/Winnipeg, America/Regina, America/Swift_Current, America/Pangnirtung, America/Iqaluit, America/Rankin_Inlet, America/Cambridge_Bay, America/Cancun, America/Mexico_City, America/Chihuahua, America/Hermosillo, America/Mazatlan, America/Belize, America/Costa_Rica, America/Havana, America/El_Salvador, America/Guatemala, America/Tegucigalpa, America/Managua.
	at org.springframework.boot.autoconfigure.flyway.FlywayAutoConfiguration$SpringBootFlyway.setLocations(FlywayAutoConfiguration.java:206)
	at org.springframework.boot.autoconfigure.flyway.FlywayAutoConfiguration$FlywayConfiguration.flyway(FlywayAutoConfiguration.java:143)
	at org.springframework.boot.autoconfigure.flyway.FlywayAutoConfiguration$FlywayConfiguration$$EnhancerBySpringCGLIB$$47e78dc7.CGLIB$flyway$0(<generated>)
	at org.springframework.boot.autoconfigure.flyway.FlywayAutoConfiguration$FlywayConfiguration$$EnhancerBySpringCGLIB$$47e78dc7$$FastClassBySpringCGLIB$$5e67b9d3.invoke(<generated>)
	at org.springframework.cglib.proxy.MethodProxy.invokeSuper(MethodProxy.java:228)
	at org.springframework.context.annotation.ConfigurationClassEnhancer$BeanMethodInterceptor.intercept(ConfigurationClassEnhancer.java:358)
	at org.springframework.boot.autoconfigure.flyway.FlywayAutoConfiguration$FlywayConfiguration$$EnhancerBySpringCGLIB$$47e78dc7.flyway(<generated>)
	at sun.reflect.NativeMethodAccessorImpl.invoke0(Native Method)
	at sun.reflect.NativeMethodAccessorImpl.invoke(NativeMethodAccessorImpl.java:62)
	at sun.reflect.DelegatingMethodAccessorImpl.invoke(DelegatingMethodAccessorImpl.java:43)
	at java.lang.reflect.Method.invoke(Method.java:498)
	at org.springframework.beans.factory.support.SimpleInstantiationStrategy.instantiate(SimpleInstantiationStrategy.java:162)
	... 19 more
Caused by: org.springframework.jdbc.support.MetaDataAccessException: Could not get Connection for extracting meta data; nested exception is org.springframework.jdbc.CannotGetJdbcConnectionException: Could not get JDBC Connection; nested exception is java.sql.SQLException: The server timezone value 'CST' represents more than one timezone. You must configure either the server or JDBC driver (via the serverTimezone configuration property) to use a more specifc timezone value if you want to utilize timezone support. The timezones that 'CST' maps to are: Asia/Harbin, Asia/Shanghai, Asia/Chungking, Asia/Urumqi, Asia/Kashgar, Asia/Taipei, Asia/Macao, Asia/Jayapura, Australia/Darwin, Australia/Adelaide, Australia/Broken_Hill, America/Chicago, America/Indianapolis, America/Indiana/Marengo, America/Indiana/Knox, America/Indiana/Vevay, America/Louisville, America/Detroit, America/Menominee, America/Rainy_River, America/Winnipeg, America/Regina, America/Swift_Current, America/Pangnirtung, America/Iqaluit, America/Rankin_Inlet, America/Cambridge_Bay, America/Cancun, America/Mexico_City, America/Chihuahua, America/Hermosillo, America/Mazatlan, America/Belize, America/Costa_Rica, America/Havana, America/El_Salvador, America/Guatemala, America/Tegucigalpa, America/Managua.
	at org.springframework.jdbc.support.JdbcUtils.extractDatabaseMetaData(JdbcUtils.java:339)
	at org.springframework.jdbc.support.JdbcUtils.extractDatabaseMetaData(JdbcUtils.java:366)
	at org.springframework.boot.autoconfigure.flyway.FlywayAutoConfiguration$SpringBootFlyway.setLocations(FlywayAutoConfiguration.java:196)
	... 30 more
Caused by: org.springframework.jdbc.CannotGetJdbcConnectionException: Could not get JDBC Connection; nested exception is java.sql.SQLException: The server timezone value 'CST' represents more than one timezone. You must configure either the server or JDBC driver (via the serverTimezone configuration property) to use a more specifc timezone value if you want to utilize timezone support. The timezones that 'CST' maps to are: Asia/Harbin, Asia/Shanghai, Asia/Chungking, Asia/Urumqi, Asia/Kashgar, Asia/Taipei, Asia/Macao, Asia/Jayapura, Australia/Darwin, Australia/Adelaide, Australia/Broken_Hill, America/Chicago, America/Indianapolis, America/Indiana/Marengo, America/Indiana/Knox, America/Indiana/Vevay, America/Louisville, America/Detroit, America/Menominee, America/Rainy_River, America/Winnipeg, America/Regina, America/Swift_Current, America/Pangnirtung, America/Iqaluit, America/Rankin_Inlet, America/Cambridge_Bay, America/Cancun, America/Mexico_City, America/Chihuahua, America/Hermosillo, America/Mazatlan, America/Belize, America/Costa_Rica, America/Havana, America/El_Salvador, America/Guatemala, America/Tegucigalpa, America/Managua.
	at org.springframework.jdbc.datasource.DataSourceUtils.getConnection(DataSourceUtils.java:80)
	at org.springframework.jdbc.support.JdbcUtils.extractDatabaseMetaData(JdbcUtils.java:326)
	... 32 more
Caused by: java.sql.SQLException: The server timezone value 'CST' represents more than one timezone. You must configure either the server or JDBC driver (via the serverTimezone configuration property) to use a more specifc timezone value if you want to utilize timezone support. The timezones that 'CST' maps to are: Asia/Harbin, Asia/Shanghai, Asia/Chungking, Asia/Urumqi, Asia/Kashgar, Asia/Taipei, Asia/Macao, Asia/Jayapura, Australia/Darwin, Australia/Adelaide, Australia/Broken_Hill, America/Chicago, America/Indianapolis, America/Indiana/Marengo, America/Indiana/Knox, America/Indiana/Vevay, America/Louisville, America/Detroit, America/Menominee, America/Rainy_River, America/Winnipeg, America/Regina, America/Swift_Current, America/Pangnirtung, America/Iqaluit, America/Rankin_Inlet, America/Cambridge_Bay, America/Cancun, America/Mexico_City, America/Chihuahua, America/Hermosillo, America/Mazatlan, America/Belize, America/Costa_Rica, America/Havana, America/El_Salvador, America/Guatemala, America/Tegucigalpa, America/Managua.
	at com.mysql.jdbc.SQLError.createSQLException(SQLError.java:1073)
	at com.mysql.jdbc.SQLError.createSQLException(SQLError.java:987)
	at com.mysql.jdbc.SQLError.createSQLException(SQLError.java:982)
	at com.mysql.jdbc.SQLError.createSQLException(SQLError.java:927)
	at com.mysql.jdbc.TimeUtil.getCanoncialTimezone(TimeUtil.java:1247)
	at com.mysql.jdbc.ConnectionImpl.configureTimezone(ConnectionImpl.java:2074)
	at com.mysql.jdbc.ConnectionImpl.initializePropsFromServer(ConnectionImpl.java:3429)
	at com.mysql.jdbc.ConnectionImpl.connectOneTryOnly(ConnectionImpl.java:2384)
	at com.mysql.jdbc.ConnectionImpl.createNewIO(ConnectionImpl.java:2153)
	at com.mysql.jdbc.ConnectionImpl.<init>(ConnectionImpl.java:792)
	at com.mysql.jdbc.JDBC4Connection.<init>(JDBC4Connection.java:47)
	at sun.reflect.NativeConstructorAccessorImpl.newInstance0(Native Method)
	at sun.reflect.NativeConstructorAccessorImpl.newInstance(NativeConstructorAccessorImpl.java:62)
	at sun.reflect.DelegatingConstructorAccessorImpl.newInstance(DelegatingConstructorAccessorImpl.java:45)
	at java.lang.reflect.Constructor.newInstance(Constructor.java:423)
	at com.mysql.jdbc.Util.handleNewInstance(Util.java:411)
	at com.mysql.jdbc.ConnectionImpl.getInstance(ConnectionImpl.java:381)
	at com.mysql.jdbc.NonRegisteringDriver.connect(NonRegisteringDriver.java:305)
	at org.apache.tomcat.jdbc.pool.PooledConnection.connectUsingDriver(PooledConnection.java:310)
	at org.apache.tomcat.jdbc.pool.PooledConnection.connect(PooledConnection.java:203)
	at org.apache.tomcat.jdbc.pool.ConnectionPool.createConnection(ConnectionPool.java:735)
	at org.apache.tomcat.jdbc.pool.ConnectionPool.borrowConnection(ConnectionPool.java:667)
	at org.apache.tomcat.jdbc.pool.ConnectionPool.init(ConnectionPool.java:482)
	at org.apache.tomcat.jdbc.pool.ConnectionPool.<init>(ConnectionPool.java:154)
	at org.apache.tomcat.jdbc.pool.DataSourceProxy.pCreatePool(DataSourceProxy.java:118)
	at org.apache.tomcat.jdbc.pool.DataSourceProxy.createPool(DataSourceProxy.java:107)
	at org.apache.tomcat.jdbc.pool.DataSourceProxy.getConnection(DataSourceProxy.java:131)
	at org.springframework.jdbc.datasource.DataSourceUtils.doGetConnection(DataSourceUtils.java:111)
	at org.springframework.jdbc.datasource.DataSourceUtils.getConnection(DataSourceUtils.java:77)
	... 33 more
[INFO] [2019-03-06 21:59:51][org.springframework.context.annotation.AnnotationConfigApplicationContext]Refreshing org.springframework.context.annotation.AnnotationConfigApplicationContext@2a798d51: startup date [Wed Mar 06 21:59:51 CST 2019]; root of context hierarchy
[INFO] [2019-03-06 21:59:51][org.hibernate.validator.internal.util.Version]HV000001: Hibernate Validator 5.3.6.Final
[INFO] [2019-03-06 21:59:51][org.springframework.beans.factory.annotation.AutowiredAnnotationBeanPostProcessor]JSR-330 'javax.inject.Inject' annotation found and supported for autowiring
[INFO] [2019-03-06 21:59:51][org.springframework.context.support.PostProcessorRegistrationDelegate$BeanPostProcessorChecker]Bean 'configurationPropertiesRebinderAutoConfiguration' of type [org.springframework.cloud.autoconfigure.ConfigurationPropertiesRebinderAutoConfiguration$$EnhancerBySpringCGLIB$$e403c324] is not eligible for getting processed by all BeanPostProcessors (for example: not eligible for auto-proxying)
[INFO] [2019-03-06 21:59:52][org.springframework.cloud.config.client.ConfigServicePropertySourceLocator]Fetching config from server at: http://localhost:8888
[WARN] [2019-03-06 21:59:52][org.springframework.cloud.config.client.ConfigServicePropertySourceLocator]Could not locate PropertySource: I/O error on GET request for "http://localhost:8888/spider-app-test/default": 拒绝连接 (Connection refused); nested exception is java.net.ConnectException: 拒绝连接 (Connection refused)
[INFO] [2019-03-06 21:59:52][com.devchen.spider.SpiderAppApplication]No active profile set, falling back to default profiles: default
[INFO] [2019-03-06 21:59:52][org.springframework.boot.context.embedded.AnnotationConfigEmbeddedWebApplicationContext]Refreshing org.springframework.boot.context.embedded.AnnotationConfigEmbeddedWebApplicationContext@26425897: startup date [Wed Mar 06 21:59:52 CST 2019]; parent: org.springframework.context.annotation.AnnotationConfigApplicationContext@2a798d51
[INFO] [2019-03-06 21:59:53][org.springframework.data.repository.config.RepositoryConfigurationDelegate]Multiple Spring Data modules found, entering strict repository configuration mode!
[INFO] [2019-03-06 21:59:53][org.springframework.cloud.context.scope.GenericScope]BeanFactory id=ffd17dd7-be09-3cb9-b80c-6ff435c471ab
[INFO] [2019-03-06 21:59:53][org.springframework.beans.factory.annotation.AutowiredAnnotationBeanPostProcessor]JSR-330 'javax.inject.Inject' annotation found and supported for autowiring
[INFO] [2019-03-06 21:59:54][org.springframework.context.support.PostProcessorRegistrationDelegate$BeanPostProcessorChecker]Bean 'org.springframework.cloud.autoconfigure.ConfigurationPropertiesRebinderAutoConfiguration' of type [org.springframework.cloud.autoconfigure.ConfigurationPropertiesRebinderAutoConfiguration$$EnhancerBySpringCGLIB$$e403c324] is not eligible for getting processed by all BeanPostProcessors (for example: not eligible for auto-proxying)
[INFO] [2019-03-06 21:59:54][org.springframework.context.support.PostProcessorRegistrationDelegate$BeanPostProcessorChecker]Bean 'org.springframework.transaction.annotation.ProxyTransactionManagementConfiguration' of type [org.springframework.transaction.annotation.ProxyTransactionManagementConfiguration$$EnhancerBySpringCGLIB$$c7e9c027] is not eligible for getting processed by all BeanPostProcessors (for example: not eligible for auto-proxying)
[INFO] [2019-03-06 21:59:54][org.springframework.boot.context.embedded.tomcat.TomcatEmbeddedServletContainer]Tomcat initialized with port(s): 10801 (http)
[INFO] [2019-03-06 21:59:54][org.springframework.web.context.ContextLoader]Root WebApplicationContext: initialization completed in 2146 ms
[INFO] [2019-03-06 21:59:54][org.springframework.boot.web.servlet.ServletRegistrationBean]Mapping servlet: 'dispatcherServlet' to [/]
[INFO] [2019-03-06 21:59:54][org.springframework.boot.web.servlet.FilterRegistrationBean]Mapping filter: 'characterEncodingFilter' to: [/*]
[INFO] [2019-03-06 21:59:54][org.springframework.boot.web.servlet.FilterRegistrationBean]Mapping filter: 'hiddenHttpMethodFilter' to: [/*]
[INFO] [2019-03-06 21:59:54][org.springframework.boot.web.servlet.FilterRegistrationBean]Mapping filter: 'httpPutFormContentFilter' to: [/*]
[INFO] [2019-03-06 21:59:54][org.springframework.boot.web.servlet.FilterRegistrationBean]Mapping filter: 'requestContextFilter' to: [/*]
[INFO] [2019-03-06 21:59:56][org.springframework.scheduling.concurrent.ThreadPoolTaskExecutor]Initializing ExecutorService  'spiderExecutorPool'
[INFO] [2019-03-06 21:59:56][org.springframework.scheduling.concurrent.ThreadPoolTaskExecutor]Initializing ExecutorService  'spiderMoniterPool'
[INFO] [2019-03-06 21:59:56][org.springframework.scheduling.concurrent.ThreadPoolTaskScheduler]Initializing ExecutorService  'taskScheduler'
[INFO] [2019-03-06 21:59:57][org.springframework.web.servlet.mvc.method.annotation.RequestMappingHandlerAdapter]Looking for @ControllerAdvice: org.springframework.boot.context.embedded.AnnotationConfigEmbeddedWebApplicationContext@26425897: startup date [Wed Mar 06 21:59:52 CST 2019]; parent: org.springframework.context.annotation.AnnotationConfigApplicationContext@2a798d51
[INFO] [2019-03-06 21:59:57][org.springframework.web.servlet.mvc.method.annotation.RequestMappingHandlerMapping]Mapped "{[/error],produces=[text/html]}" onto public org.springframework.web.servlet.ModelAndView org.springframework.boot.autoconfigure.web.BasicErrorController.errorHtml(javax.servlet.http.HttpServletRequest,javax.servlet.http.HttpServletResponse)
[INFO] [2019-03-06 21:59:57][org.springframework.web.servlet.mvc.method.annotation.RequestMappingHandlerMapping]Mapped "{[/error]}" onto public org.springframework.http.ResponseEntity<java.util.Map<java.lang.String, java.lang.Object>> org.springframework.boot.autoconfigure.web.BasicErrorController.error(javax.servlet.http.HttpServletRequest)
[INFO] [2019-03-06 21:59:57][org.springframework.web.servlet.handler.SimpleUrlHandlerMapping]Mapped URL path [/webjars/**] onto handler of type [class org.springframework.web.servlet.resource.ResourceHttpRequestHandler]
[INFO] [2019-03-06 21:59:57][org.springframework.web.servlet.handler.SimpleUrlHandlerMapping]Mapped URL path [/**] onto handler of type [class org.springframework.web.servlet.resource.ResourceHttpRequestHandler]
[INFO] [2019-03-06 21:59:57][org.springframework.web.servlet.handler.SimpleUrlHandlerMapping]Mapped URL path [/**/favicon.ico] onto handler of type [class org.springframework.web.servlet.resource.ResourceHttpRequestHandler]
[WARN] [2019-03-06 21:59:58][org.springframework.boot.context.embedded.AnnotationConfigEmbeddedWebApplicationContext]Exception encountered during context initialization - cancelling refresh attempt: org.springframework.beans.factory.BeanCreationException: Error creating bean with name 'flyway' defined in class path resource [org/springframework/boot/autoconfigure/flyway/FlywayAutoConfiguration$FlywayConfiguration.class]: Bean instantiation via factory method failed; nested exception is org.springframework.beans.BeanInstantiationException: Failed to instantiate [org.flywaydb.core.Flyway]: Factory method 'flyway' threw exception; nested exception is java.lang.IllegalStateException: org.springframework.jdbc.support.MetaDataAccessException: Could not get Connection for extracting meta data; nested exception is org.springframework.jdbc.CannotGetJdbcConnectionException: Could not get JDBC Connection; nested exception is java.sql.SQLException: The server timezone value 'CST' represents more than one timezone. You must configure either the server or JDBC driver (via the serverTimezone configuration property) to use a more specifc timezone value if you want to utilize timezone support. The timezones that 'CST' maps to are: Asia/Harbin, Asia/Shanghai, Asia/Chungking, Asia/Urumqi, Asia/Kashgar, Asia/Taipei, Asia/Macao, Asia/Jayapura, Australia/Darwin, Australia/Adelaide, Australia/Broken_Hill, America/Chicago, America/Indianapolis, America/Indiana/Marengo, America/Indiana/Knox, America/Indiana/Vevay, America/Louisville, America/Detroit, America/Menominee, America/Rainy_River, America/Winnipeg, America/Regina, America/Swift_Current, America/Pangnirtung, America/Iqaluit, America/Rankin_Inlet, America/Cambridge_Bay, America/Cancun, America/Mexico_City, America/Chihuahua, America/Hermosillo, America/Mazatlan, America/Belize, America/Costa_Rica, America/Havana, America/El_Salvador, America/Guatemala, America/Tegucigalpa, America/Managua.
[INFO] [2019-03-06 21:59:58][org.springframework.jmx.export.annotation.AnnotationMBeanExporter]Unregistering JMX-exposed beans on shutdown
[INFO] [2019-03-06 21:59:58][org.springframework.scheduling.concurrent.ThreadPoolTaskScheduler]Shutting down ExecutorService 'taskScheduler'
[INFO] [2019-03-06 21:59:58][org.springframework.scheduling.concurrent.ThreadPoolTaskScheduler]Shutting down ExecutorService 'taskScheduler'
[INFO] [2019-03-06 21:59:58][org.springframework.scheduling.concurrent.ThreadPoolTaskExecutor]Shutting down ExecutorService 'spiderMoniterPool'
[INFO] [2019-03-06 21:59:58][org.springframework.scheduling.concurrent.ThreadPoolTaskExecutor]Shutting down ExecutorService 'spiderExecutorPool'
[INFO] [2019-03-06 21:59:58][org.springframework.boot.autoconfigure.logging.AutoConfigurationReportLoggingInitializer]

Error starting ApplicationContext. To display the auto-configuration report re-run your application with 'debug' enabled.
[ERROR] [2019-03-06 21:59:58][org.springframework.boot.SpringApplication]Application startup failed
org.springframework.beans.factory.BeanCreationException: Error creating bean with name 'flyway' defined in class path resource [org/springframework/boot/autoconfigure/flyway/FlywayAutoConfiguration$FlywayConfiguration.class]: Bean instantiation via factory method failed; nested exception is org.springframework.beans.BeanInstantiationException: Failed to instantiate [org.flywaydb.core.Flyway]: Factory method 'flyway' threw exception; nested exception is java.lang.IllegalStateException: org.springframework.jdbc.support.MetaDataAccessException: Could not get Connection for extracting meta data; nested exception is org.springframework.jdbc.CannotGetJdbcConnectionException: Could not get JDBC Connection; nested exception is java.sql.SQLException: The server timezone value 'CST' represents more than one timezone. You must configure either the server or JDBC driver (via the serverTimezone configuration property) to use a more specifc timezone value if you want to utilize timezone support. The timezones that 'CST' maps to are: Asia/Harbin, Asia/Shanghai, Asia/Chungking, Asia/Urumqi, Asia/Kashgar, Asia/Taipei, Asia/Macao, Asia/Jayapura, Australia/Darwin, Australia/Adelaide, Australia/Broken_Hill, America/Chicago, America/Indianapolis, America/Indiana/Marengo, America/Indiana/Knox, America/Indiana/Vevay, America/Louisville, America/Detroit, America/Menominee, America/Rainy_River, America/Winnipeg, America/Regina, America/Swift_Current, America/Pangnirtung, America/Iqaluit, America/Rankin_Inlet, America/Cambridge_Bay, America/Cancun, America/Mexico_City, America/Chihuahua, America/Hermosillo, America/Mazatlan, America/Belize, America/Costa_Rica, America/Havana, America/El_Salvador, America/Guatemala, America/Tegucigalpa, America/Managua.
	at org.springframework.beans.factory.support.ConstructorResolver.instantiateUsingFactoryMethod(ConstructorResolver.java:599)
	at org.springframework.beans.factory.support.AbstractAutowireCapableBeanFactory.instantiateUsingFactoryMethod(AbstractAutowireCapableBeanFactory.java:1173)
	at org.springframework.beans.factory.support.AbstractAutowireCapableBeanFactory.createBeanInstance(AbstractAutowireCapableBeanFactory.java:1067)
	at org.springframework.beans.factory.support.AbstractAutowireCapableBeanFactory.doCreateBean(AbstractAutowireCapableBeanFactory.java:513)
	at org.springframework.beans.factory.support.AbstractAutowireCapableBeanFactory.createBean(AbstractAutowireCapableBeanFactory.java:483)
	at org.springframework.beans.factory.support.AbstractBeanFactory$1.getObject(AbstractBeanFactory.java:306)
	at org.springframework.beans.factory.support.DefaultSingletonBeanRegistry.getSingleton(DefaultSingletonBeanRegistry.java:230)
	at org.springframework.beans.factory.support.AbstractBeanFactory.doGetBean(AbstractBeanFactory.java:302)
	at org.springframework.beans.factory.support.AbstractBeanFactory.getBean(AbstractBeanFactory.java:197)
	at org.springframework.beans.factory.support.DefaultListableBeanFactory.preInstantiateSingletons(DefaultListableBeanFactory.java:761)
	at org.springframework.context.support.AbstractApplicationContext.finishBeanFactoryInitialization(AbstractApplicationContext.java:867)
	at org.springframework.context.support.AbstractApplicationContext.refresh(AbstractApplicationContext.java:543)
	at org.springframework.boot.context.embedded.EmbeddedWebApplicationContext.refresh(EmbeddedWebApplicationContext.java:122)
	at org.springframework.boot.SpringApplication.refresh(SpringApplication.java:693)
	at org.springframework.boot.SpringApplication.refreshContext(SpringApplication.java:360)
	at org.springframework.boot.SpringApplication.run(SpringApplication.java:303)
	at org.springframework.boot.SpringApplication.run(SpringApplication.java:1118)
	at org.springframework.boot.SpringApplication.run(SpringApplication.java:1107)
	at com.devchen.spider.SpiderAppApplication.main(SpiderAppApplication.java:18)
Caused by: org.springframework.beans.BeanInstantiationException: Failed to instantiate [org.flywaydb.core.Flyway]: Factory method 'flyway' threw exception; nested exception is java.lang.IllegalStateException: org.springframework.jdbc.support.MetaDataAccessException: Could not get Connection for extracting meta data; nested exception is org.springframework.jdbc.CannotGetJdbcConnectionException: Could not get JDBC Connection; nested exception is java.sql.SQLException: The server timezone value 'CST' represents more than one timezone. You must configure either the server or JDBC driver (via the serverTimezone configuration property) to use a more specifc timezone value if you want to utilize timezone support. The timezones that 'CST' maps to are: Asia/Harbin, Asia/Shanghai, Asia/Chungking, Asia/Urumqi, Asia/Kashgar, Asia/Taipei, Asia/Macao, Asia/Jayapura, Australia/Darwin, Australia/Adelaide, Australia/Broken_Hill, America/Chicago, America/Indianapolis, America/Indiana/Marengo, America/Indiana/Knox, America/Indiana/Vevay, America/Louisville, America/Detroit, America/Menominee, America/Rainy_River, America/Winnipeg, America/Regina, America/Swift_Current, America/Pangnirtung, America/Iqaluit, America/Rankin_Inlet, America/Cambridge_Bay, America/Cancun, America/Mexico_City, America/Chihuahua, America/Hermosillo, America/Mazatlan, America/Belize, America/Costa_Rica, America/Havana, America/El_Salvador, America/Guatemala, America/Tegucigalpa, America/Managua.
	at org.springframework.beans.factory.support.SimpleInstantiationStrategy.instantiate(SimpleInstantiationStrategy.java:189)
	at org.springframework.beans.factory.support.ConstructorResolver.instantiateUsingFactoryMethod(ConstructorResolver.java:588)
	... 18 more
Caused by: java.lang.IllegalStateException: org.springframework.jdbc.support.MetaDataAccessException: Could not get Connection for extracting meta data; nested exception is org.springframework.jdbc.CannotGetJdbcConnectionException: Could not get JDBC Connection; nested exception is java.sql.SQLException: The server timezone value 'CST' represents more than one timezone. You must configure either the server or JDBC driver (via the serverTimezone configuration property) to use a more specifc timezone value if you want to utilize timezone support. The timezones that 'CST' maps to are: Asia/Harbin, Asia/Shanghai, Asia/Chungking, Asia/Urumqi, Asia/Kashgar, Asia/Taipei, Asia/Macao, Asia/Jayapura, Australia/Darwin, Australia/Adelaide, Australia/Broken_Hill, America/Chicago, America/Indianapolis, America/Indiana/Marengo, America/Indiana/Knox, America/Indiana/Vevay, America/Louisville, America/Detroit, America/Menominee, America/Rainy_River, America/Winnipeg, America/Regina, America/Swift_Current, America/Pangnirtung, America/Iqaluit, America/Rankin_Inlet, America/Cambridge_Bay, America/Cancun, America/Mexico_City, America/Chihuahua, America/Hermosillo, America/Mazatlan, America/Belize, America/Costa_Rica, America/Havana, America/El_Salvador, America/Guatemala, America/Tegucigalpa, America/Managua.
	at org.springframework.boot.autoconfigure.flyway.FlywayAutoConfiguration$SpringBootFlyway.setLocations(FlywayAutoConfiguration.java:206)
	at org.springframework.boot.autoconfigure.flyway.FlywayAutoConfiguration$FlywayConfiguration.flyway(FlywayAutoConfiguration.java:143)
	at org.springframework.boot.autoconfigure.flyway.FlywayAutoConfiguration$FlywayConfiguration$$EnhancerBySpringCGLIB$$47e78dc7.CGLIB$flyway$0(<generated>)
	at org.springframework.boot.autoconfigure.flyway.FlywayAutoConfiguration$FlywayConfiguration$$EnhancerBySpringCGLIB$$47e78dc7$$FastClassBySpringCGLIB$$5e67b9d3.invoke(<generated>)
	at org.springframework.cglib.proxy.MethodProxy.invokeSuper(MethodProxy.java:228)
	at org.springframework.context.annotation.ConfigurationClassEnhancer$BeanMethodInterceptor.intercept(ConfigurationClassEnhancer.java:358)
	at org.springframework.boot.autoconfigure.flyway.FlywayAutoConfiguration$FlywayConfiguration$$EnhancerBySpringCGLIB$$47e78dc7.flyway(<generated>)
	at sun.reflect.NativeMethodAccessorImpl.invoke0(Native Method)
	at sun.reflect.NativeMethodAccessorImpl.invoke(NativeMethodAccessorImpl.java:62)
	at sun.reflect.DelegatingMethodAccessorImpl.invoke(DelegatingMethodAccessorImpl.java:43)
	at java.lang.reflect.Method.invoke(Method.java:498)
	at org.springframework.beans.factory.support.SimpleInstantiationStrategy.instantiate(SimpleInstantiationStrategy.java:162)
	... 19 more
Caused by: org.springframework.jdbc.support.MetaDataAccessException: Could not get Connection for extracting meta data; nested exception is org.springframework.jdbc.CannotGetJdbcConnectionException: Could not get JDBC Connection; nested exception is java.sql.SQLException: The server timezone value 'CST' represents more than one timezone. You must configure either the server or JDBC driver (via the serverTimezone configuration property) to use a more specifc timezone value if you want to utilize timezone support. The timezones that 'CST' maps to are: Asia/Harbin, Asia/Shanghai, Asia/Chungking, Asia/Urumqi, Asia/Kashgar, Asia/Taipei, Asia/Macao, Asia/Jayapura, Australia/Darwin, Australia/Adelaide, Australia/Broken_Hill, America/Chicago, America/Indianapolis, America/Indiana/Marengo, America/Indiana/Knox, America/Indiana/Vevay, America/Louisville, America/Detroit, America/Menominee, America/Rainy_River, America/Winnipeg, America/Regina, America/Swift_Current, America/Pangnirtung, America/Iqaluit, America/Rankin_Inlet, America/Cambridge_Bay, America/Cancun, America/Mexico_City, America/Chihuahua, America/Hermosillo, America/Mazatlan, America/Belize, America/Costa_Rica, America/Havana, America/El_Salvador, America/Guatemala, America/Tegucigalpa, America/Managua.
	at org.springframework.jdbc.support.JdbcUtils.extractDatabaseMetaData(JdbcUtils.java:339)
	at org.springframework.jdbc.support.JdbcUtils.extractDatabaseMetaData(JdbcUtils.java:366)
	at org.springframework.boot.autoconfigure.flyway.FlywayAutoConfiguration$SpringBootFlyway.setLocations(FlywayAutoConfiguration.java:196)
	... 30 more
Caused by: org.springframework.jdbc.CannotGetJdbcConnectionException: Could not get JDBC Connection; nested exception is java.sql.SQLException: The server timezone value 'CST' represents more than one timezone. You must configure either the server or JDBC driver (via the serverTimezone configuration property) to use a more specifc timezone value if you want to utilize timezone support. The timezones that 'CST' maps to are: Asia/Harbin, Asia/Shanghai, Asia/Chungking, Asia/Urumqi, Asia/Kashgar, Asia/Taipei, Asia/Macao, Asia/Jayapura, Australia/Darwin, Australia/Adelaide, Australia/Broken_Hill, America/Chicago, America/Indianapolis, America/Indiana/Marengo, America/Indiana/Knox, America/Indiana/Vevay, America/Louisville, America/Detroit, America/Menominee, America/Rainy_River, America/Winnipeg, America/Regina, America/Swift_Current, America/Pangnirtung, America/Iqaluit, America/Rankin_Inlet, America/Cambridge_Bay, America/Cancun, America/Mexico_City, America/Chihuahua, America/Hermosillo, America/Mazatlan, America/Belize, America/Costa_Rica, America/Havana, America/El_Salvador, America/Guatemala, America/Tegucigalpa, America/Managua.
	at org.springframework.jdbc.datasource.DataSourceUtils.getConnection(DataSourceUtils.java:80)
	at org.springframework.jdbc.support.JdbcUtils.extractDatabaseMetaData(JdbcUtils.java:326)
	... 32 more
Caused by: java.sql.SQLException: The server timezone value 'CST' represents more than one timezone. You must configure either the server or JDBC driver (via the serverTimezone configuration property) to use a more specifc timezone value if you want to utilize timezone support. The timezones that 'CST' maps to are: Asia/Harbin, Asia/Shanghai, Asia/Chungking, Asia/Urumqi, Asia/Kashgar, Asia/Taipei, Asia/Macao, Asia/Jayapura, Australia/Darwin, Australia/Adelaide, Australia/Broken_Hill, America/Chicago, America/Indianapolis, America/Indiana/Marengo, America/Indiana/Knox, America/Indiana/Vevay, America/Louisville, America/Detroit, America/Menominee, America/Rainy_River, America/Winnipeg, America/Regina, America/Swift_Current, America/Pangnirtung, America/Iqaluit, America/Rankin_Inlet, America/Cambridge_Bay, America/Cancun, America/Mexico_City, America/Chihuahua, America/Hermosillo, America/Mazatlan, America/Belize, America/Costa_Rica, America/Havana, America/El_Salvador, America/Guatemala, America/Tegucigalpa, America/Managua.
	at com.mysql.jdbc.SQLError.createSQLException(SQLError.java:1073)
	at com.mysql.jdbc.SQLError.createSQLException(SQLError.java:987)
	at com.mysql.jdbc.SQLError.createSQLException(SQLError.java:982)
	at com.mysql.jdbc.SQLError.createSQLException(SQLError.java:927)
	at com.mysql.jdbc.TimeUtil.getCanoncialTimezone(TimeUtil.java:1247)
	at com.mysql.jdbc.ConnectionImpl.configureTimezone(ConnectionImpl.java:2074)
	at com.mysql.jdbc.ConnectionImpl.initializePropsFromServer(ConnectionImpl.java:3429)
	at com.mysql.jdbc.ConnectionImpl.connectOneTryOnly(ConnectionImpl.java:2384)
	at com.mysql.jdbc.ConnectionImpl.createNewIO(ConnectionImpl.java:2153)
	at com.mysql.jdbc.ConnectionImpl.<init>(ConnectionImpl.java:792)
	at com.mysql.jdbc.JDBC4Connection.<init>(JDBC4Connection.java:47)
	at sun.reflect.NativeConstructorAccessorImpl.newInstance0(Native Method)
	at sun.reflect.NativeConstructorAccessorImpl.newInstance(NativeConstructorAccessorImpl.java:62)
	at sun.reflect.DelegatingConstructorAccessorImpl.newInstance(DelegatingConstructorAccessorImpl.java:45)
	at java.lang.reflect.Constructor.newInstance(Constructor.java:423)
	at com.mysql.jdbc.Util.handleNewInstance(Util.java:411)
	at com.mysql.jdbc.ConnectionImpl.getInstance(ConnectionImpl.java:381)
	at com.mysql.jdbc.NonRegisteringDriver.connect(NonRegisteringDriver.java:305)
	at org.apache.tomcat.jdbc.pool.PooledConnection.connectUsingDriver(PooledConnection.java:310)
	at org.apache.tomcat.jdbc.pool.PooledConnection.connect(PooledConnection.java:203)
	at org.apache.tomcat.jdbc.pool.ConnectionPool.createConnection(ConnectionPool.java:735)
	at org.apache.tomcat.jdbc.pool.ConnectionPool.borrowConnection(ConnectionPool.java:667)
	at org.apache.tomcat.jdbc.pool.ConnectionPool.init(ConnectionPool.java:482)
	at org.apache.tomcat.jdbc.pool.ConnectionPool.<init>(ConnectionPool.java:154)
	at org.apache.tomcat.jdbc.pool.DataSourceProxy.pCreatePool(DataSourceProxy.java:118)
	at org.apache.tomcat.jdbc.pool.DataSourceProxy.createPool(DataSourceProxy.java:107)
	at org.apache.tomcat.jdbc.pool.DataSourceProxy.getConnection(DataSourceProxy.java:131)
	at org.springframework.jdbc.datasource.DataSourceUtils.doGetConnection(DataSourceUtils.java:111)
	at org.springframework.jdbc.datasource.DataSourceUtils.getConnection(DataSourceUtils.java:77)
	... 33 more
[INFO] [2019-03-06 22:03:36][org.springframework.context.annotation.AnnotationConfigApplicationContext]Refreshing org.springframework.context.annotation.AnnotationConfigApplicationContext@2a798d51: startup date [Wed Mar 06 22:03:36 CST 2019]; root of context hierarchy
[INFO] [2019-03-06 22:03:37][org.hibernate.validator.internal.util.Version]HV000001: Hibernate Validator 5.3.6.Final
[INFO] [2019-03-06 22:03:37][org.springframework.beans.factory.annotation.AutowiredAnnotationBeanPostProcessor]JSR-330 'javax.inject.Inject' annotation found and supported for autowiring
[INFO] [2019-03-06 22:03:37][org.springframework.context.support.PostProcessorRegistrationDelegate$BeanPostProcessorChecker]Bean 'configurationPropertiesRebinderAutoConfiguration' of type [org.springframework.cloud.autoconfigure.ConfigurationPropertiesRebinderAutoConfiguration$$EnhancerBySpringCGLIB$$74734ee] is not eligible for getting processed by all BeanPostProcessors (for example: not eligible for auto-proxying)
[INFO] [2019-03-06 22:03:37][org.springframework.cloud.config.client.ConfigServicePropertySourceLocator]Fetching config from server at: http://localhost:8888
[WARN] [2019-03-06 22:03:37][org.springframework.cloud.config.client.ConfigServicePropertySourceLocator]Could not locate PropertySource: I/O error on GET request for "http://localhost:8888/spider-app-test/default": 拒绝连接 (Connection refused); nested exception is java.net.ConnectException: 拒绝连接 (Connection refused)
[INFO] [2019-03-06 22:03:37][com.devchen.spider.SpiderAppApplication]No active profile set, falling back to default profiles: default
[INFO] [2019-03-06 22:03:37][org.springframework.boot.context.embedded.AnnotationConfigEmbeddedWebApplicationContext]Refreshing org.springframework.boot.context.embedded.AnnotationConfigEmbeddedWebApplicationContext@58c34bb3: startup date [Wed Mar 06 22:03:37 CST 2019]; parent: org.springframework.context.annotation.AnnotationConfigApplicationContext@2a798d51
[INFO] [2019-03-06 22:03:39][org.springframework.data.repository.config.RepositoryConfigurationDelegate]Multiple Spring Data modules found, entering strict repository configuration mode!
[INFO] [2019-03-06 22:03:39][org.springframework.cloud.context.scope.GenericScope]BeanFactory id=ffd17dd7-be09-3cb9-b80c-6ff435c471ab
[INFO] [2019-03-06 22:03:39][org.springframework.beans.factory.annotation.AutowiredAnnotationBeanPostProcessor]JSR-330 'javax.inject.Inject' annotation found and supported for autowiring
[INFO] [2019-03-06 22:03:39][org.springframework.context.support.PostProcessorRegistrationDelegate$BeanPostProcessorChecker]Bean 'org.springframework.cloud.autoconfigure.ConfigurationPropertiesRebinderAutoConfiguration' of type [org.springframework.cloud.autoconfigure.ConfigurationPropertiesRebinderAutoConfiguration$$EnhancerBySpringCGLIB$$74734ee] is not eligible for getting processed by all BeanPostProcessors (for example: not eligible for auto-proxying)
[INFO] [2019-03-06 22:03:39][org.springframework.context.support.PostProcessorRegistrationDelegate$BeanPostProcessorChecker]Bean 'org.springframework.transaction.annotation.ProxyTransactionManagementConfiguration' of type [org.springframework.transaction.annotation.ProxyTransactionManagementConfiguration$$EnhancerBySpringCGLIB$$eb2d31f1] is not eligible for getting processed by all BeanPostProcessors (for example: not eligible for auto-proxying)
[INFO] [2019-03-06 22:03:39][org.springframework.boot.context.embedded.tomcat.TomcatEmbeddedServletContainer]Tomcat initialized with port(s): 10801 (http)
[INFO] [2019-03-06 22:03:40][org.springframework.web.context.ContextLoader]Root WebApplicationContext: initialization completed in 2126 ms
[INFO] [2019-03-06 22:03:40][org.springframework.boot.web.servlet.ServletRegistrationBean]Mapping servlet: 'dispatcherServlet' to [/]
[INFO] [2019-03-06 22:03:40][org.springframework.boot.web.servlet.FilterRegistrationBean]Mapping filter: 'characterEncodingFilter' to: [/*]
[INFO] [2019-03-06 22:03:40][org.springframework.boot.web.servlet.FilterRegistrationBean]Mapping filter: 'hiddenHttpMethodFilter' to: [/*]
[INFO] [2019-03-06 22:03:40][org.springframework.boot.web.servlet.FilterRegistrationBean]Mapping filter: 'httpPutFormContentFilter' to: [/*]
[INFO] [2019-03-06 22:03:40][org.springframework.boot.web.servlet.FilterRegistrationBean]Mapping filter: 'requestContextFilter' to: [/*]
[INFO] [2019-03-06 22:03:41][org.springframework.scheduling.concurrent.ThreadPoolTaskExecutor]Initializing ExecutorService  'spiderExecutorPool'
[INFO] [2019-03-06 22:03:41][org.springframework.scheduling.concurrent.ThreadPoolTaskExecutor]Initializing ExecutorService  'spiderMoniterPool'
[INFO] [2019-03-06 22:03:41][org.springframework.scheduling.concurrent.ThreadPoolTaskScheduler]Initializing ExecutorService  'taskScheduler'
[INFO] [2019-03-06 22:03:42][org.springframework.web.servlet.mvc.method.annotation.RequestMappingHandlerAdapter]Looking for @ControllerAdvice: org.springframework.boot.context.embedded.AnnotationConfigEmbeddedWebApplicationContext@58c34bb3: startup date [Wed Mar 06 22:03:37 CST 2019]; parent: org.springframework.context.annotation.AnnotationConfigApplicationContext@2a798d51
[INFO] [2019-03-06 22:03:42][org.springframework.web.servlet.mvc.method.annotation.RequestMappingHandlerMapping]Mapped "{[/error],produces=[text/html]}" onto public org.springframework.web.servlet.ModelAndView org.springframework.boot.autoconfigure.web.BasicErrorController.errorHtml(javax.servlet.http.HttpServletRequest,javax.servlet.http.HttpServletResponse)
[INFO] [2019-03-06 22:03:42][org.springframework.web.servlet.mvc.method.annotation.RequestMappingHandlerMapping]Mapped "{[/error]}" onto public org.springframework.http.ResponseEntity<java.util.Map<java.lang.String, java.lang.Object>> org.springframework.boot.autoconfigure.web.BasicErrorController.error(javax.servlet.http.HttpServletRequest)
[INFO] [2019-03-06 22:03:42][org.springframework.web.servlet.handler.SimpleUrlHandlerMapping]Mapped URL path [/webjars/**] onto handler of type [class org.springframework.web.servlet.resource.ResourceHttpRequestHandler]
[INFO] [2019-03-06 22:03:42][org.springframework.web.servlet.handler.SimpleUrlHandlerMapping]Mapped URL path [/**] onto handler of type [class org.springframework.web.servlet.resource.ResourceHttpRequestHandler]
[INFO] [2019-03-06 22:03:42][org.springframework.web.servlet.handler.SimpleUrlHandlerMapping]Mapped URL path [/**/favicon.ico] onto handler of type [class org.springframework.web.servlet.resource.ResourceHttpRequestHandler]
[INFO] [2019-03-06 22:03:43][org.flywaydb.core.internal.util.VersionPrinter]Flyway 3.2.1 by Boxfuse
[INFO] [2019-03-06 22:03:43][org.flywaydb.core.internal.dbsupport.DbSupportFactory]Database: jdbc:mysql://192.168.0.106/spider_test?serverTimezone=UTC&useUnicode=true&characterEncoding=UTF-8&useJDBCCompliantTimezoneShift=true&useLegacyDatetimeCode=false (MySQL 5.7)
[INFO] [2019-03-06 22:03:43][org.flywaydb.core.internal.command.DbValidate]Validated 2 migrations (execution time 00:00.038s)
[INFO] [2019-03-06 22:03:43][org.flywaydb.core.internal.command.DbMigrate]Current version of schema `spider_test`: 20190214
[INFO] [2019-03-06 22:03:43][org.flywaydb.core.internal.command.DbMigrate]Schema `spider_test` is up to date. No migration necessary.
[WARN] [2019-03-06 22:03:44][com.netflix.config.sources.URLConfigurationSource]No URLs will be polled as dynamic configuration sources.
[INFO] [2019-03-06 22:03:44][com.netflix.config.sources.URLConfigurationSource]To enable URLs as dynamic configuration sources, define System property archaius.configurationSource.additionalUrls or make config.properties available on classpath.
[WARN] [2019-03-06 22:03:44][com.netflix.config.sources.URLConfigurationSource]No URLs will be polled as dynamic configuration sources.
[INFO] [2019-03-06 22:03:44][com.netflix.config.sources.URLConfigurationSource]To enable URLs as dynamic configuration sources, define System property archaius.configurationSource.additionalUrls or make config.properties available on classpath.
[INFO] [2019-03-06 22:03:44][org.springframework.jmx.export.annotation.AnnotationMBeanExporter]Registering beans for JMX exposure on startup
[INFO] [2019-03-06 22:03:44][org.springframework.jmx.export.annotation.AnnotationMBeanExporter]Bean with name 'environmentManager' has been autodetected for JMX exposure
[INFO] [2019-03-06 22:03:44][org.springframework.jmx.export.annotation.AnnotationMBeanExporter]Bean with name 'configurationPropertiesRebinder' has been autodetected for JMX exposure
[INFO] [2019-03-06 22:03:44][org.springframework.jmx.export.annotation.AnnotationMBeanExporter]Bean with name 'refreshScope' has been autodetected for JMX exposure
[INFO] [2019-03-06 22:03:44][org.springframework.jmx.export.annotation.AnnotationMBeanExporter]Located managed bean 'environmentManager': registering with JMX server as MBean [org.springframework.cloud.context.environment:name=environmentManager,type=EnvironmentManager]
[INFO] [2019-03-06 22:03:44][org.springframework.jmx.export.annotation.AnnotationMBeanExporter]Located managed bean 'refreshScope': registering with JMX server as MBean [org.springframework.cloud.context.scope.refresh:name=refreshScope,type=RefreshScope]
[INFO] [2019-03-06 22:03:44][org.springframework.jmx.export.annotation.AnnotationMBeanExporter]Located managed bean 'configurationPropertiesRebinder': registering with JMX server as MBean [org.springframework.cloud.context.properties:name=configurationPropertiesRebinder,context=58c34bb3,type=ConfigurationPropertiesRebinder]
[INFO] [2019-03-06 22:03:44][org.springframework.context.support.DefaultLifecycleProcessor]Starting beans in phase 0
[INFO] [2019-03-06 22:03:44][org.springframework.cloud.netflix.eureka.InstanceInfoFactory]Setting initial instance status as: STARTING
[INFO] [2019-03-06 22:03:45][com.netflix.discovery.provider.DiscoveryJerseyProvider]Using JSON encoding codec LegacyJacksonJson
[INFO] [2019-03-06 22:03:45][com.netflix.discovery.provider.DiscoveryJerseyProvider]Using JSON decoding codec LegacyJacksonJson
[INFO] [2019-03-06 22:03:45][com.netflix.discovery.provider.DiscoveryJerseyProvider]Using XML encoding codec XStreamXml
[INFO] [2019-03-06 22:03:45][com.netflix.discovery.provider.DiscoveryJerseyProvider]Using XML decoding codec XStreamXml
[INFO] [2019-03-06 22:03:45][com.netflix.discovery.shared.resolver.aws.ConfigClusterResolver]Resolving eureka endpoints via configuration
[INFO] [2019-03-06 22:03:45][com.netflix.discovery.DiscoveryClient]Disable delta property : false
[INFO] [2019-03-06 22:03:45][com.netflix.discovery.DiscoveryClient]Single vip registry refresh property : null
[INFO] [2019-03-06 22:03:45][com.netflix.discovery.DiscoveryClient]Force full registry fetch : false
[INFO] [2019-03-06 22:03:45][com.netflix.discovery.DiscoveryClient]Application is null : false
[INFO] [2019-03-06 22:03:45][com.netflix.discovery.DiscoveryClient]Registered Applications size is zero : true
[INFO] [2019-03-06 22:03:45][com.netflix.discovery.DiscoveryClient]Application version is -1: true
[INFO] [2019-03-06 22:03:45][com.netflix.discovery.DiscoveryClient]Getting all instance registry info from the eureka server
[INFO] [2019-03-06 22:03:45][com.netflix.discovery.DiscoveryClient]The response status is 200
[INFO] [2019-03-06 22:03:45][com.netflix.discovery.DiscoveryClient]Starting heartbeat executor: renew interval is: 30
[INFO] [2019-03-06 22:03:45][com.netflix.discovery.InstanceInfoReplicator]InstanceInfoReplicator onDemand update allowed rate per min is 4
[INFO] [2019-03-06 22:03:45][com.netflix.discovery.DiscoveryClient]Discovery Client initialized at timestamp 1551881025980 with initial instances count: 2
[INFO] [2019-03-06 22:03:46][org.springframework.cloud.netflix.eureka.EurekaDiscoveryClientConfiguration]Registering application spider-app-test with eureka with status UP
[INFO] [2019-03-06 22:03:46][com.netflix.discovery.DiscoveryClient]Saw local status change event StatusChangeEvent [timestamp=1551881026016, current=UP, previous=STARTING]
[INFO] [2019-03-06 22:03:46][com.netflix.discovery.DiscoveryClient]DiscoveryClient_SPIDER-APP-TEST/10.0.2.15:spider-app-test:10801: registering service...
[INFO] [2019-03-06 22:03:46][org.springframework.context.support.DefaultLifecycleProcessor]Starting beans in phase 2147483647
[INFO] [2019-03-06 22:03:46][com.netflix.discovery.DiscoveryClient]DiscoveryClient_SPIDER-APP-TEST/10.0.2.15:spider-app-test:10801 - registration status: 204
[INFO] [2019-03-06 22:03:46][org.springframework.boot.context.embedded.tomcat.TomcatEmbeddedServletContainer]Tomcat started on port(s): 10801 (http)
[INFO] [2019-03-06 22:03:46][org.springframework.cloud.netflix.eureka.EurekaDiscoveryClientConfiguration]Updating port to 10801
[INFO] [2019-03-06 22:03:46][com.devchen.spider.SpiderAppApplication]Started SpiderAppApplication in 10.049 seconds (JVM running for 10.857)
[INFO] [2019-03-06 22:03:46][com.devchen.spider.service.common.AbstractSpiderTaskService]insert new task for task type ZIMUZU_FAV_SPIDER
[INFO] [2019-03-06 22:03:46][com.devchen.spider.service.common.AbstractSpiderTaskService]insert new task for task type GETUPLOAD_FAV
[INFO] [2019-03-06 22:03:46][com.devchen.spider.service.common.handler.MonitorTaskHandler]exec monitor task {"id":300,"createdBy":"spider-app","createdAt":"Mar 7, 2019 6:03:46 AM","updatedBy":"spider-app","updatedAt":"Mar 7, 2019 6:03:46 AM","taskType":"ZIMUZU_FAV_SPIDER","spiderId":"a3341ed6-f76c-44af-8f63-257b61cd28ae","taskJob":"M","taskStatus":"PROCESSING","version":1,"taskTime":"Mar 6, 2019 10:00:00 PM"}
[INFO] [2019-03-06 22:03:46][us.codecraft.webmagic.Spider]Spider a3341ed6-f76c-44af-8f63-257b61cd28ae started!
[INFO] [2019-03-06 22:03:46][com.devchen.spider.service.common.handler.MonitorTaskHandler]exec monitor task {"id":302,"createdBy":"spider-app","createdAt":"Mar 7, 2019 6:03:46 AM","updatedBy":"spider-app","updatedAt":"Mar 7, 2019 6:03:46 AM","taskType":"GETUPLOAD_FAV","spiderId":"89623cb1-0250-4285-8212-ca4b42ccabd5","taskJob":"M","taskStatus":"PROCESSING","version":1,"taskTime":"Mar 6, 2019 8:00:00 AM"}
[INFO] [2019-03-06 22:03:46][us.codecraft.webmagic.Spider]Spider 89623cb1-0250-4285-8212-ca4b42ccabd5 started!
[INFO] [2019-03-06 22:03:49][com.devchen.spider.component.download.SocksHttpDownloader]downloading page success for https://ux.getuploader.com/cm3d2/index/date/desc/1
[INFO] [2019-03-06 22:03:49][com.devchen.spider.service.biz.getupload.handler.GetUploadPageProcesser]https://ux.getuploader.com/cm3d2/index/date/desc/2
[INFO] [2019-03-06 22:03:49][com.devchen.spider.service.biz.getupload.handler.GetUploadPageProcesser]https://ux.getuploader.com/cm3d2/index/date/desc/3
[INFO] [2019-03-06 22:03:51][us.codecraft.webmagic.downloader.HttpClientDownloader]downloading page success http://www.zimuzu.io/user/fav
[INFO] [2019-03-06 22:03:51][com.devchen.spider.service.biz.zimuzu.handler.ZimuzuPipeline]fetch list: 0
[INFO] [2019-03-06 22:03:51][us.codecraft.webmagic.Spider]Spider a3341ed6-f76c-44af-8f63-257b61cd28ae closed! 1 pages downloaded.
[INFO] [2019-03-06 22:03:51][com.devchen.spider.service.biz.zimuzu.handler.ZimuzuSpiderTaskHandler]run spider task {"id":299,"createdBy":"spider-app","createdAt":"Mar 7, 2019 6:03:46 AM","updatedBy":"spider-app","updatedAt":"Mar 7, 2019 6:03:46 AM","taskType":"ZIMUZU_FAV_SPIDER","spiderId":"a3341ed6-f76c-44af-8f63-257b61cd28ae","taskJob":"E","taskStatus":"PROCESSING","version":1,"taskTime":"Mar 6, 2019 10:00:00 PM"}
[INFO] [2019-03-06 22:03:52][com.devchen.spider.component.download.SocksHttpDownloader]downloading page success for https://ux.getuploader.com/cm3d2_b/index/date/desc/1
[INFO] [2019-03-06 22:03:52][com.devchen.spider.service.biz.getupload.handler.GetUploadPageProcesser]https://ux.getuploader.com/cm3d2_b/index/date/desc/2
[INFO] [2019-03-06 22:03:52][com.devchen.spider.service.biz.getupload.handler.GetUploadPageProcesser]https://ux.getuploader.com/cm3d2_b/index/date/desc/3
[INFO] [2019-03-06 22:03:56][com.devchen.spider.component.download.SocksHttpDownloader]downloading page success for https://ux.getuploader.com/cm3d2_c/index/date/desc/1
[INFO] [2019-03-06 22:03:56][com.devchen.spider.service.biz.getupload.handler.GetUploadPageProcesser]https://ux.getuploader.com/cm3d2_c/index/date/desc/2
[INFO] [2019-03-06 22:03:56][com.devchen.spider.service.biz.getupload.handler.GetUploadPageProcesser]https://ux.getuploader.com/cm3d2_c/index/date/desc/3
[INFO] [2019-03-06 22:03:58][com.devchen.spider.component.download.SocksHttpDownloader]downloading page success for https://ux.getuploader.com/cm3d2_d/index/date/desc/1
[INFO] [2019-03-06 22:03:58][com.devchen.spider.service.biz.getupload.handler.GetUploadPageProcesser]https://ux.getuploader.com/cm3d2_d/index/date/desc/2
[INFO] [2019-03-06 22:03:58][com.devchen.spider.service.biz.getupload.handler.GetUploadPageProcesser]https://ux.getuploader.com/cm3d2_d/index/date/desc/3
[INFO] [2019-03-06 22:03:59][com.devchen.spider.component.download.SocksHttpDownloader]downloading page success for https://ux.getuploader.com/cm3d2_e/index/date/desc/1
[INFO] [2019-03-06 22:03:59][com.devchen.spider.service.biz.getupload.handler.GetUploadPageProcesser]https://ux.getuploader.com/cm3d2_e/index/date/desc/2
[INFO] [2019-03-06 22:03:59][com.devchen.spider.service.biz.getupload.handler.GetUploadPageProcesser]https://ux.getuploader.com/cm3d2_e/index/date/desc/3
[INFO] [2019-03-06 22:04:01][com.devchen.spider.component.download.SocksHttpDownloader]downloading page success for https://ux.getuploader.com/cm3d2_f/index/date/desc/1
[INFO] [2019-03-06 22:04:01][com.devchen.spider.service.biz.getupload.handler.GetUploadPageProcesser]https://ux.getuploader.com/cm3d2_f/index/date/desc/2
[INFO] [2019-03-06 22:04:01][com.devchen.spider.service.biz.getupload.handler.GetUploadPageProcesser]https://ux.getuploader.com/cm3d2_f/index/date/desc/3
[INFO] [2019-03-06 22:04:04][com.devchen.spider.component.download.SocksHttpDownloader]downloading page success for https://ux.getuploader.com/cm3d2_g/index/date/desc/1
[INFO] [2019-03-06 22:04:04][com.devchen.spider.service.biz.getupload.handler.GetUploadPageProcesser]https://ux.getuploader.com/cm3d2_g/index/date/desc/2
[INFO] [2019-03-06 22:04:04][com.devchen.spider.service.biz.getupload.handler.GetUploadPageProcesser]https://ux.getuploader.com/cm3d2_g/index/date/desc/3
[INFO] [2019-03-06 22:04:06][com.devchen.spider.component.download.SocksHttpDownloader]downloading page success for https://ux.getuploader.com/cm3d2_h/index/date/desc/1
[INFO] [2019-03-06 22:04:06][com.devchen.spider.service.biz.getupload.handler.GetUploadPageProcesser]https://ux.getuploader.com/cm3d2_h/index/date/desc/2
[INFO] [2019-03-06 22:04:06][com.devchen.spider.service.biz.getupload.handler.GetUploadPageProcesser]https://ux.getuploader.com/cm3d2_h/index/date/desc/3
[INFO] [2019-03-06 22:04:07][com.devchen.spider.component.download.SocksHttpDownloader]downloading page success for https://ux.getuploader.com/cm3d2_i/index/date/desc/1
[INFO] [2019-03-06 22:04:07][com.devchen.spider.service.biz.getupload.handler.GetUploadPageProcesser]https://ux.getuploader.com/cm3d2_i/index/date/desc/2
[INFO] [2019-03-06 22:04:07][com.devchen.spider.service.biz.getupload.handler.GetUploadPageProcesser]https://ux.getuploader.com/cm3d2_i/index/date/desc/3
[INFO] [2019-03-06 22:04:09][com.devchen.spider.component.download.SocksHttpDownloader]downloading page success for https://ux.getuploader.com/cm3d2_j/index/date/desc/1
[INFO] [2019-03-06 22:04:09][com.devchen.spider.service.biz.getupload.handler.GetUploadPageProcesser]https://ux.getuploader.com/cm3d2_j/index/date/desc/2
[INFO] [2019-03-06 22:04:09][com.devchen.spider.service.biz.getupload.handler.GetUploadPageProcesser]https://ux.getuploader.com/cm3d2_j/index/date/desc/3
[INFO] [2019-03-06 22:04:11][com.devchen.spider.component.download.SocksHttpDownloader]downloading page success for https://ux.getuploader.com/cm3d2_k/index/date/desc/1
[INFO] [2019-03-06 22:04:11][com.devchen.spider.service.biz.getupload.handler.GetUploadPageProcesser]https://ux.getuploader.com/cm3d2_k/index/date/desc/2
[INFO] [2019-03-06 22:04:11][com.devchen.spider.service.biz.getupload.handler.GetUploadPageProcesser]https://ux.getuploader.com/cm3d2_k/index/date/desc/3
[INFO] [2019-03-06 22:04:12][org.springframework.boot.context.embedded.AnnotationConfigEmbeddedWebApplicationContext]Closing org.springframework.boot.context.embedded.AnnotationConfigEmbeddedWebApplicationContext@58c34bb3: startup date [Wed Mar 06 22:03:37 CST 2019]; parent: org.springframework.context.annotation.AnnotationConfigApplicationContext@2a798d51
[INFO] [2019-03-06 22:04:12][org.springframework.cloud.netflix.eureka.EurekaDiscoveryClientConfiguration]Unregistering application spider-app-test with eureka with status DOWN
[WARN] [2019-03-06 22:04:12][com.netflix.discovery.DiscoveryClient]Saw local status change event StatusChangeEvent [timestamp=1551881052089, current=DOWN, previous=UP]
[INFO] [2019-03-06 22:04:12][com.netflix.discovery.DiscoveryClient]DiscoveryClient_SPIDER-APP-TEST/10.0.2.15:spider-app-test:10801: registering service...
[INFO] [2019-03-06 22:04:12][com.netflix.discovery.DiscoveryClient]Shutting down DiscoveryClient ...
[INFO] [2019-03-06 22:04:12][com.netflix.discovery.DiscoveryClient]Unregistering ...
[INFO] [2019-03-06 22:04:12][com.netflix.discovery.DiscoveryClient]DiscoveryClient_SPIDER-APP-TEST/10.0.2.15:spider-app-test:10801 - deregister  status: 200
[INFO] [2019-03-06 22:04:12][com.netflix.discovery.DiscoveryClient]Completed shut down of DiscoveryClient
[INFO] [2019-03-06 22:04:12][org.springframework.context.support.DefaultLifecycleProcessor]Stopping beans in phase 2147483647
[INFO] [2019-03-06 22:04:12][org.springframework.context.support.DefaultLifecycleProcessor]Stopping beans in phase 0
[INFO] [2019-03-06 22:04:12][org.springframework.jmx.export.annotation.AnnotationMBeanExporter]Unregistering JMX-exposed beans on shutdown
[INFO] [2019-03-06 22:04:12][org.springframework.jmx.export.annotation.AnnotationMBeanExporter]Unregistering JMX-exposed beans
[INFO] [2019-03-06 22:04:12][org.springframework.scheduling.concurrent.ThreadPoolTaskScheduler]Shutting down ExecutorService 'taskScheduler'
[INFO] [2019-03-06 22:04:12][org.springframework.scheduling.concurrent.ThreadPoolTaskScheduler]Shutting down ExecutorService 'taskScheduler'
[INFO] [2019-03-06 22:04:12][org.springframework.scheduling.concurrent.ThreadPoolTaskExecutor]Shutting down ExecutorService 'spiderMoniterPool'
[INFO] [2019-03-06 22:04:12][org.springframework.scheduling.concurrent.ThreadPoolTaskExecutor]Shutting down ExecutorService 'spiderExecutorPool'
[INFO] [2019-03-06 22:04:12][com.netflix.discovery.DiscoveryClient]DiscoveryClient_SPIDER-APP-TEST/10.0.2.15:spider-app-test:10801 - registration status: 204
